<!DOCTYPE html PUBLIC "-//W3C//DTD XHTML 1.1//EN" "https://www.w3.org/TR/xhtml11/DTD/xhtml11.dtd">
<html xmlns="https://www.w3.org/1999/xhtml">
<head>
<meta http-equiv="content-type" content="text/html; charset=UTF-8"/>
<title>TestNG Report</title>
<style type="text/css">table {margin-bottom:10px;border-collapse:collapse;empty-cells:show}th,td {border:1px solid #009;padding:.25em .5em}th {vertical-align:bottom}td {vertical-align:top}table a {font-weight:bold}.stripe td {background-color: #E6EBF9}.num {text-align:right}.passedodd td {background-color: #3F3}.passedeven td {background-color: #0A0}.skippedodd td {background-color: #DDD}.skippedeven td {background-color: #CCC}.failedodd td,.attn {background-color: #F33}.failedeven td,.stripe .attn {background-color: #D00}.stacktrace {white-space:pre;font-family:monospace}.totop {font-size:85%;text-align:center;border-bottom:2px solid #000}.invisible {display:none}</style>
</head>
<body>
<table>
<tr><th>Test</th><th># Passed</th><th># Skipped</th><th># Retried</th><th># Failed</th><th>Time (ms)</th><th>Included Groups</th><th>Excluded Groups</th></tr>
<tr><th colspan="8">LambdaTest</th></tr>
<tr><td><a href="#t0">WIN10TEST</a></td><td class="num">3</td><td class="num attn">1</td><td class="num">0</td><td class="num attn">1</td><td class="num">164,486</td><td></td><td></td></tr>
<tr class="stripe"><td><a href="#t1">MACOSTEST</a></td><td class="num">3</td><td class="num attn">2</td><td class="num">0</td><td class="num">0</td><td class="num">181,629</td><td></td><td></td></tr>
<tr><td><a href="#t2">WIN7TEST</a></td><td class="num">0</td><td class="num attn">5</td><td class="num">0</td><td class="num">0</td><td class="num">182,999</td><td></td><td></td></tr>
<tr class="stripe"><td><a href="#t3">WIN10EXPLORERTEST</a></td><td class="num">0</td><td class="num attn">5</td><td class="num">0</td><td class="num">0</td><td class="num">64,096</td><td></td><td></td></tr>
<tr><th>Total</th><th class="num">6</th><th class="num attn">13</th><th class="num">0</th><th class="num attn">1</th><th class="num">593,210</th><th colspan="2"></th></tr>
</table>
<table id='summary'><thead><tr><th>Class</th><th>Method</th><th>Start</th><th>Time (ms)</th></tr></thead><tbody><tr><th colspan="4">LambdaTest</th></tr></tbody><tbody id="t0"><tr><th colspan="4">WIN10TEST &#8212; failed</th></tr><tr class="failedeven"><td rowspan="1">lambdatest.Tests.TestScenario3</td><td><a href="#m0">checkFieldsMsg</a></td><td rowspan="1">1677185537660</td><td rowspan="1">2925</td></tr><tr><th colspan="4">WIN10TEST &#8212; skipped</th></tr><tr class="skippedeven"><td rowspan="1">lambdatest.Tests.TestScenario3</td><td><a href="#m1">SubmitData</a></td><td rowspan="1">1677185540591</td><td rowspan="1">0</td></tr><tr><th colspan="4">WIN10TEST &#8212; passed</th></tr><tr class="passedeven"><td rowspan="2">lambdatest.Tests.TestScenario1</td><td><a href="#m2">validateMessage</a></td><td rowspan="1">1677185618641</td><td rowspan="1">1103</td></tr><tr class="passedeven"><td><a href="#m3">validateUrl</a></td><td rowspan="1">1677185616778</td><td rowspan="1">1862</td></tr><tr class="passedodd"><td rowspan="1">lambdatest.Tests.TestScenario2</td><td><a href="#m4">dragAndDrop</a></td><td rowspan="1">1677185475178</td><td rowspan="1">3220</td></tr></tbody>
<tbody id="t1"><tr><th colspan="4">MACOSTEST &#8212; failed (configuration methods)</th></tr><tr class="failedeven"><td rowspan="1">lambdatest.Tests.TestScenario3</td><td><a href="#m5">setup</a></td><td rowspan="1">1677185457712</td><td rowspan="1">181504</td></tr><tr><th colspan="4">MACOSTEST &#8212; skipped</th></tr><tr class="skippedeven"><td rowspan="2">lambdatest.Tests.TestScenario3</td><td><a href="#m6">SubmitData</a></td><td rowspan="1">1677185639217</td><td rowspan="1">0</td></tr><tr class="skippedeven"><td><a href="#m7">checkFieldsMsg</a></td><td rowspan="1">1677185639216</td><td rowspan="1">0</td></tr><tr><th colspan="4">MACOSTEST &#8212; passed</th></tr><tr class="passedeven"><td rowspan="2">lambdatest.Tests.TestScenario1</td><td><a href="#m8">validateMessage</a></td><td rowspan="1">1677185512910</td><td rowspan="1">1508</td></tr><tr class="passedeven"><td><a href="#m9">validateUrl</a></td><td rowspan="1">1677185510407</td><td rowspan="1">2500</td></tr><tr class="passedodd"><td rowspan="1">lambdatest.Tests.TestScenario2</td><td><a href="#m10">dragAndDrop</a></td><td rowspan="1">1677185585477</td><td rowspan="1">2843</td></tr></tbody>
<tbody id="t2"><tr><th colspan="4">WIN7TEST &#8212; failed (configuration methods)</th></tr><tr class="failedeven"><td rowspan="1">lambdatest.Tests.TestScenario1</td><td><a href="#m11">setup</a></td><td rowspan="1">1677185457711</td><td rowspan="1">181505</td></tr><tr class="failedodd"><td rowspan="1">lambdatest.Tests.TestScenario2</td><td><a href="#m12">setup</a></td><td rowspan="1">1677185457711</td><td rowspan="1">180947</td></tr><tr class="failedeven"><td rowspan="1">lambdatest.Tests.TestScenario3</td><td><a href="#m13">setup</a></td><td rowspan="1">1677185457712</td><td rowspan="1">108553</td></tr><tr><th colspan="4">WIN7TEST &#8212; skipped</th></tr><tr class="skippedeven"><td rowspan="2">lambdatest.Tests.TestScenario1</td><td><a href="#m14">validateMessage</a></td><td rowspan="1">1677185639217</td><td rowspan="1">0</td></tr><tr class="skippedeven"><td><a href="#m15">validateUrl</a></td><td rowspan="1">1677185639216</td><td rowspan="1">0</td></tr><tr class="skippedodd"><td rowspan="1">lambdatest.Tests.TestScenario2</td><td><a href="#m16">dragAndDrop</a></td><td rowspan="1">1677185638660</td><td rowspan="1">0</td></tr><tr class="skippedeven"><td rowspan="2">lambdatest.Tests.TestScenario3</td><td><a href="#m17">SubmitData</a></td><td rowspan="1">1677185566270</td><td rowspan="1">0</td></tr><tr class="skippedeven"><td><a href="#m18">checkFieldsMsg</a></td><td rowspan="1">1677185566269</td><td rowspan="1">0</td></tr></tbody>
<tbody id="t3"><tr><th colspan="4">WIN10EXPLORERTEST &#8212; failed (configuration methods)</th></tr><tr class="failedeven"><td rowspan="1">lambdatest.Tests.TestScenario1</td><td><a href="#m19">setup</a></td><td rowspan="1">1677185622104</td><td rowspan="1">40208</td></tr><tr class="failedodd"><td rowspan="1">lambdatest.Tests.TestScenario2</td><td><a href="#m20">setup</a></td><td rowspan="1">1677185622104</td><td rowspan="1">41972</td></tr><tr class="failedeven"><td rowspan="1">lambdatest.Tests.TestScenario3</td><td><a href="#m21">setup</a></td><td rowspan="1">1677185622104</td><td rowspan="1">62320</td></tr><tr><th colspan="4">WIN10EXPLORERTEST &#8212; skipped</th></tr><tr class="skippedeven"><td rowspan="2">lambdatest.Tests.TestScenario1</td><td><a href="#m22">validateMessage</a></td><td rowspan="1">1677185662314</td><td rowspan="1">0</td></tr><tr class="skippedeven"><td><a href="#m23">validateUrl</a></td><td rowspan="1">1677185662313</td><td rowspan="1">0</td></tr><tr class="skippedodd"><td rowspan="1">lambdatest.Tests.TestScenario2</td><td><a href="#m24">dragAndDrop</a></td><td rowspan="1">1677185664078</td><td rowspan="1">0</td></tr><tr class="skippedeven"><td rowspan="2">lambdatest.Tests.TestScenario3</td><td><a href="#m25">SubmitData</a></td><td rowspan="1">1677185684426</td><td rowspan="1">0</td></tr><tr class="skippedeven"><td><a href="#m26">checkFieldsMsg</a></td><td rowspan="1">1677185684425</td><td rowspan="1">0</td></tr></tbody>
</table>
<h2>WIN10TEST</h2><h3 id="m0">lambdatest.Tests.TestScenario3#checkFieldsMsg</h3><table class="result"><tr><th>Exception</th></tr><tr><td><div class="stacktrace">java.lang.AssertionError: expected [Please fill in the fields] but found [Please fill out this field.]
	at lambdatest.Tests.TestScenario3.checkFieldsMsg(TestScenario3.java:24)
	at java.base/java.util.concurrent.ThreadPoolExecutor.runWorker(ThreadPoolExecutor.java:1128)
	at java.base/java.util.concurrent.ThreadPoolExecutor$Worker.run(ThreadPoolExecutor.java:628)
	at java.base/java.lang.Thread.run(Thread.java:829)
... Removed 23 stack frames</div></td></tr></table><p class="totop"><a href="#summary">back to summary</a></p>
<h3 id="m1">lambdatest.Tests.TestScenario3#SubmitData</h3><table class="result"><tr><th>Exception</th></tr><tr><td><div class="stacktrace">java.lang.Throwable: Method lambdatest.Tests.TestScenario3.SubmitData() on instance lambdatest.Tests.TestScenario3@7fee8714 depends on not successfully finished methods 
[lambdatest.Tests.TestScenario3.checkFieldsMsg() on instance lambdatest.Tests.TestScenario3@7fee8714]
	at java.base/java.util.concurrent.ThreadPoolExecutor.runWorker(ThreadPoolExecutor.java:1128)
	at java.base/java.util.concurrent.ThreadPoolExecutor$Worker.run(ThreadPoolExecutor.java:628)
	at java.base/java.lang.Thread.run(Thread.java:829)
... Removed 3 stack frames</div></td></tr></table><p class="totop"><a href="#summary">back to summary</a></p>
<h3 id="m2">lambdatest.Tests.TestScenario1#validateMessage</h3><table class="result"><tr><th class="invisible"/></tr></table><p class="totop"><a href="#summary">back to summary</a></p>
<h3 id="m3">lambdatest.Tests.TestScenario1#validateUrl</h3><table class="result"><tr><th class="invisible"/></tr></table><p class="totop"><a href="#summary">back to summary</a></p>
<h3 id="m4">lambdatest.Tests.TestScenario2#dragAndDrop</h3><table class="result"><tr><th class="invisible"/></tr></table><p class="totop"><a href="#summary">back to summary</a></p>
<h2>MACOSTEST</h2><h3 id="m5">lambdatest.Tests.TestScenario3#setup</h3><table class="result"><tr class="param"><th>Parameter #1</th><th>Parameter #2</th><th>Parameter #3</th></tr><tr class="param stripe"><td>MicrosoftEdge</td><td>87.0</td><td>macOS Sierra</td></tr><tr><th colspan="3">Exception</th></tr><tr><td colspan="3"><div class="stacktrace">java.lang.NullPointerException
	at lambdatest.TestComponents.BaseTest.setup(BaseTest.java:87)
	at java.base/java.util.concurrent.ThreadPoolExecutor.runWorker(ThreadPoolExecutor.java:1128)
	at java.base/java.util.concurrent.ThreadPoolExecutor$Worker.run(ThreadPoolExecutor.java:628)
	at java.base/java.lang.Thread.run(Thread.java:829)
... Removed 10 stack frames</div></td></tr></table><p class="totop"><a href="#summary">back to summary</a></p>
<h3 id="m6">lambdatest.Tests.TestScenario3#SubmitData</h3><table class="result"><tr><th>Exception</th></tr><tr><td><div class="stacktrace">java.lang.Throwable: Method lambdatest.Tests.TestScenario3.SubmitData() on instance lambdatest.Tests.TestScenario3@51e69659 depends on not successfully finished methods 
[lambdatest.Tests.TestScenario3.checkFieldsMsg() on instance lambdatest.Tests.TestScenario3@51e69659]
	at java.base/java.util.concurrent.ThreadPoolExecutor.runWorker(ThreadPoolExecutor.java:1128)
	at java.base/java.util.concurrent.ThreadPoolExecutor$Worker.run(ThreadPoolExecutor.java:628)
	at java.base/java.lang.Thread.run(Thread.java:829)
... Removed 3 stack frames</div></td></tr></table><p class="totop"><a href="#summary">back to summary</a></p>
<h3 id="m7">lambdatest.Tests.TestScenario3#checkFieldsMsg</h3><table class="result"><tr><th>Exception</th></tr><tr><td><div class="stacktrace">java.lang.NullPointerException
	at lambdatest.TestComponents.BaseTest.setup(BaseTest.java:87)
	at java.base/java.util.concurrent.ThreadPoolExecutor.runWorker(ThreadPoolExecutor.java:1128)
	at java.base/java.util.concurrent.ThreadPoolExecutor$Worker.run(ThreadPoolExecutor.java:628)
	at java.base/java.lang.Thread.run(Thread.java:829)
... Removed 10 stack frames</div></td></tr></table><p class="totop"><a href="#summary">back to summary</a></p>
<h3 id="m8">lambdatest.Tests.TestScenario1#validateMessage</h3><table class="result"><tr><th class="invisible"/></tr></table><p class="totop"><a href="#summary">back to summary</a></p>
<h3 id="m9">lambdatest.Tests.TestScenario1#validateUrl</h3><table class="result"><tr><th class="invisible"/></tr></table><p class="totop"><a href="#summary">back to summary</a></p>
<h3 id="m10">lambdatest.Tests.TestScenario2#dragAndDrop</h3><table class="result"><tr><th class="invisible"/></tr></table><p class="totop"><a href="#summary">back to summary</a></p>
<h2>WIN7TEST</h2><h3 id="m11">lambdatest.Tests.TestScenario1#setup</h3><table class="result"><tr class="param"><th>Parameter #1</th><th>Parameter #2</th><th>Parameter #3</th></tr><tr class="param stripe"><td>firefox</td><td>82.0</td><td>Windows 7</td></tr><tr><th colspan="3">Exception</th></tr><tr><td colspan="3"><div class="stacktrace">java.lang.NullPointerException
	at lambdatest.TestComponents.BaseTest.setup(BaseTest.java:87)
	at java.base/java.util.concurrent.ThreadPoolExecutor.runWorker(ThreadPoolExecutor.java:1128)
	at java.base/java.util.concurrent.ThreadPoolExecutor$Worker.run(ThreadPoolExecutor.java:628)
	at java.base/java.lang.Thread.run(Thread.java:829)
... Removed 10 stack frames</div></td></tr></table><p class="totop"><a href="#summary">back to summary</a></p>
<h3 id="m12">lambdatest.Tests.TestScenario2#setup</h3><table class="result"><tr class="param"><th>Parameter #1</th><th>Parameter #2</th><th>Parameter #3</th></tr><tr class="param stripe"><td>firefox</td><td>82.0</td><td>Windows 7</td></tr><tr><th colspan="3">Exception</th></tr><tr><td colspan="3"><div class="stacktrace">org.openqa.selenium.NoSuchElementException: Unable to locate element: span#exit_popup_close
For documentation on this error, please visit: https://selenium.dev/exceptions/#no_such_element
Build info: version: &apos;4.8.0&apos;, revision: &apos;267030adea&apos;
System info: os.name: &apos;Linux&apos;, os.arch: &apos;amd64&apos;, os.version: &apos;5.15.0-47-generic&apos;, java.version: &apos;11.0.17&apos;
Driver info: org.openqa.selenium.remote.RemoteWebDriver
Command: [19a89537-bb00-4a2a-b01f-c2a2e80ed11d, findElement {using=css selector, value=span#exit_popup_close}]
Capabilities {acceptInsecureCerts: true, browserName: firefox, browserVersion: 82.0, moz:accessibilityChecks: false, moz:buildID: 20201014125134, moz:geckodriverVersion: 0.30.0, moz:headless: false, moz:processID: 1340, moz:profile: C:\Users\ltuser\AppData\Loc..., moz:shutdownTimeout: 60000, moz:useNonSpecCompliantPointerOrigin: false, moz:webdriverClick: true, pageLoadStrategy: normal, platformName: WINDOWS, platformVersion: 6.1, rotatable: false, setWindowRect: true, strictFileInteractability: false, timeouts: {implicit: 0, pageLoad: 300000, script: 30000}, unhandledPromptBehavior: dismiss and notify}
Session ID: 19a89537-bb00-4a2a-b01f-c2a2e80ed11d
	at org.openqa.selenium.remote.codec.w3c.W3CHttpResponseCodec.createException(W3CHttpResponseCodec.java:200)
	at org.openqa.selenium.remote.codec.w3c.W3CHttpResponseCodec.decode(W3CHttpResponseCodec.java:133)
	at org.openqa.selenium.remote.codec.w3c.W3CHttpResponseCodec.decode(W3CHttpResponseCodec.java:53)
	at org.openqa.selenium.remote.HttpCommandExecutor.execute(HttpCommandExecutor.java:184)
	at org.openqa.selenium.remote.TracedCommandExecutor.execute(TracedCommandExecutor.java:51)
	at org.openqa.selenium.remote.RemoteWebDriver.execute(RemoteWebDriver.java:543)
	at org.openqa.selenium.remote.ElementLocation$ElementFinder$2.findElement(ElementLocation.java:162)
	at org.openqa.selenium.remote.ElementLocation.findElement(ElementLocation.java:60)
	at org.openqa.selenium.remote.RemoteWebDriver.findElement(RemoteWebDriver.java:352)
	at org.openqa.selenium.remote.RemoteWebDriver.findElement(RemoteWebDriver.java:344)
	at lambdatest.AbstractComponents.AbstractComponent.waitForPopUp(AbstractComponent.java:23)
	at lambdatest.PageObjectModel.SeleniumPlaygroundPage.popUpClose(SeleniumPlaygroundPage.java:54)
	at lambdatest.PageObjectModel.SeleniumPlaygroundPage.goTo(SeleniumPlaygroundPage.java:40)
	at lambdatest.TestComponents.BaseTest.setup(BaseTest.java:89)
	at java.base/java.util.concurrent.ThreadPoolExecutor.runWorker(ThreadPoolExecutor.java:1128)
	at java.base/java.util.concurrent.ThreadPoolExecutor$Worker.run(ThreadPoolExecutor.java:628)
	at java.base/java.lang.Thread.run(Thread.java:829)
... Removed 14 stack frames</div></td></tr></table><p class="totop"><a href="#summary">back to summary</a></p>
<h3 id="m13">lambdatest.Tests.TestScenario3#setup</h3><table class="result"><tr class="param"><th>Parameter #1</th><th>Parameter #2</th><th>Parameter #3</th></tr><tr class="param stripe"><td>firefox</td><td>82.0</td><td>Windows 7</td></tr><tr><th colspan="3">Exception</th></tr><tr><td colspan="3"><div class="stacktrace">org.openqa.selenium.NoSuchElementException: Unable to locate element: span#exit_popup_close
For documentation on this error, please visit: https://selenium.dev/exceptions/#no_such_element
Build info: version: &apos;4.8.0&apos;, revision: &apos;267030adea&apos;
System info: os.name: &apos;Linux&apos;, os.arch: &apos;amd64&apos;, os.version: &apos;5.15.0-47-generic&apos;, java.version: &apos;11.0.17&apos;
Driver info: org.openqa.selenium.remote.RemoteWebDriver
Command: [0bb0e110-9359-44d8-8487-65105d79ea00, findElement {using=css selector, value=span#exit_popup_close}]
Capabilities {acceptInsecureCerts: true, browserName: firefox, browserVersion: 82.0, moz:accessibilityChecks: false, moz:buildID: 20201014125134, moz:geckodriverVersion: 0.30.0, moz:headless: false, moz:processID: 3212, moz:profile: C:\Users\ltuser\AppData\Loc..., moz:shutdownTimeout: 60000, moz:useNonSpecCompliantPointerOrigin: false, moz:webdriverClick: true, pageLoadStrategy: normal, platformName: WINDOWS, platformVersion: 6.1, rotatable: false, setWindowRect: true, strictFileInteractability: false, timeouts: {implicit: 0, pageLoad: 300000, script: 30000}, unhandledPromptBehavior: dismiss and notify}
Session ID: 0bb0e110-9359-44d8-8487-65105d79ea00
	at org.openqa.selenium.remote.codec.w3c.W3CHttpResponseCodec.createException(W3CHttpResponseCodec.java:200)
	at org.openqa.selenium.remote.codec.w3c.W3CHttpResponseCodec.decode(W3CHttpResponseCodec.java:133)
	at org.openqa.selenium.remote.codec.w3c.W3CHttpResponseCodec.decode(W3CHttpResponseCodec.java:53)
	at org.openqa.selenium.remote.HttpCommandExecutor.execute(HttpCommandExecutor.java:184)
	at org.openqa.selenium.remote.TracedCommandExecutor.execute(TracedCommandExecutor.java:51)
	at org.openqa.selenium.remote.RemoteWebDriver.execute(RemoteWebDriver.java:543)
	at org.openqa.selenium.remote.ElementLocation$ElementFinder$2.findElement(ElementLocation.java:162)
	at org.openqa.selenium.remote.ElementLocation.findElement(ElementLocation.java:60)
	at org.openqa.selenium.remote.RemoteWebDriver.findElement(RemoteWebDriver.java:352)
	at org.openqa.selenium.remote.RemoteWebDriver.findElement(RemoteWebDriver.java:344)
	at lambdatest.AbstractComponents.AbstractComponent.waitForPopUp(AbstractComponent.java:23)
	at lambdatest.PageObjectModel.SeleniumPlaygroundPage.popUpClose(SeleniumPlaygroundPage.java:54)
	at lambdatest.PageObjectModel.SeleniumPlaygroundPage.goTo(SeleniumPlaygroundPage.java:40)
	at lambdatest.TestComponents.BaseTest.setup(BaseTest.java:89)
	at java.base/java.util.concurrent.ThreadPoolExecutor.runWorker(ThreadPoolExecutor.java:1128)
	at java.base/java.util.concurrent.ThreadPoolExecutor$Worker.run(ThreadPoolExecutor.java:628)
	at java.base/java.lang.Thread.run(Thread.java:829)
... Removed 14 stack frames</div></td></tr></table><p class="totop"><a href="#summary">back to summary</a></p>
<h3 id="m14">lambdatest.Tests.TestScenario1#validateMessage</h3><table class="result"><tr><th>Exception</th></tr><tr><td><div class="stacktrace">java.lang.Throwable: Method lambdatest.Tests.TestScenario1.validateMessage() on instance lambdatest.Tests.TestScenario1@4310d43 depends on not successfully finished methods 
[lambdatest.Tests.TestScenario1.validateUrl() on instance lambdatest.Tests.TestScenario1@4310d43]
	at java.base/java.util.concurrent.ThreadPoolExecutor.runWorker(ThreadPoolExecutor.java:1128)
	at java.base/java.util.concurrent.ThreadPoolExecutor$Worker.run(ThreadPoolExecutor.java:628)
	at java.base/java.lang.Thread.run(Thread.java:829)
... Removed 3 stack frames</div></td></tr></table><p class="totop"><a href="#summary">back to summary</a></p>
<h3 id="m15">lambdatest.Tests.TestScenario1#validateUrl</h3><table class="result"><tr><th>Exception</th></tr><tr><td><div class="stacktrace">java.lang.NullPointerException
	at lambdatest.TestComponents.BaseTest.setup(BaseTest.java:87)
	at java.base/java.util.concurrent.ThreadPoolExecutor.runWorker(ThreadPoolExecutor.java:1128)
	at java.base/java.util.concurrent.ThreadPoolExecutor$Worker.run(ThreadPoolExecutor.java:628)
	at java.base/java.lang.Thread.run(Thread.java:829)
... Removed 10 stack frames</div></td></tr></table><p class="totop"><a href="#summary">back to summary</a></p>
<h3 id="m16">lambdatest.Tests.TestScenario2#dragAndDrop</h3><table class="result"><tr><th>Exception</th></tr><tr><td><div class="stacktrace">org.openqa.selenium.NoSuchElementException: Unable to locate element: span#exit_popup_close
For documentation on this error, please visit: https://selenium.dev/exceptions/#no_such_element
Build info: version: &apos;4.8.0&apos;, revision: &apos;267030adea&apos;
System info: os.name: &apos;Linux&apos;, os.arch: &apos;amd64&apos;, os.version: &apos;5.15.0-47-generic&apos;, java.version: &apos;11.0.17&apos;
Driver info: org.openqa.selenium.remote.RemoteWebDriver
Command: [19a89537-bb00-4a2a-b01f-c2a2e80ed11d, findElement {using=css selector, value=span#exit_popup_close}]
Capabilities {acceptInsecureCerts: true, browserName: firefox, browserVersion: 82.0, moz:accessibilityChecks: false, moz:buildID: 20201014125134, moz:geckodriverVersion: 0.30.0, moz:headless: false, moz:processID: 1340, moz:profile: C:\Users\ltuser\AppData\Loc..., moz:shutdownTimeout: 60000, moz:useNonSpecCompliantPointerOrigin: false, moz:webdriverClick: true, pageLoadStrategy: normal, platformName: WINDOWS, platformVersion: 6.1, rotatable: false, setWindowRect: true, strictFileInteractability: false, timeouts: {implicit: 0, pageLoad: 300000, script: 30000}, unhandledPromptBehavior: dismiss and notify}
Session ID: 19a89537-bb00-4a2a-b01f-c2a2e80ed11d
	at org.openqa.selenium.remote.codec.w3c.W3CHttpResponseCodec.createException(W3CHttpResponseCodec.java:200)
	at org.openqa.selenium.remote.codec.w3c.W3CHttpResponseCodec.decode(W3CHttpResponseCodec.java:133)
	at org.openqa.selenium.remote.codec.w3c.W3CHttpResponseCodec.decode(W3CHttpResponseCodec.java:53)
	at org.openqa.selenium.remote.HttpCommandExecutor.execute(HttpCommandExecutor.java:184)
	at org.openqa.selenium.remote.TracedCommandExecutor.execute(TracedCommandExecutor.java:51)
	at org.openqa.selenium.remote.RemoteWebDriver.execute(RemoteWebDriver.java:543)
	at org.openqa.selenium.remote.ElementLocation$ElementFinder$2.findElement(ElementLocation.java:162)
	at org.openqa.selenium.remote.ElementLocation.findElement(ElementLocation.java:60)
	at org.openqa.selenium.remote.RemoteWebDriver.findElement(RemoteWebDriver.java:352)
	at org.openqa.selenium.remote.RemoteWebDriver.findElement(RemoteWebDriver.java:344)
	at lambdatest.AbstractComponents.AbstractComponent.waitForPopUp(AbstractComponent.java:23)
	at lambdatest.PageObjectModel.SeleniumPlaygroundPage.popUpClose(SeleniumPlaygroundPage.java:54)
	at lambdatest.PageObjectModel.SeleniumPlaygroundPage.goTo(SeleniumPlaygroundPage.java:40)
	at lambdatest.TestComponents.BaseTest.setup(BaseTest.java:89)
	at java.base/java.util.concurrent.ThreadPoolExecutor.runWorker(ThreadPoolExecutor.java:1128)
	at java.base/java.util.concurrent.ThreadPoolExecutor$Worker.run(ThreadPoolExecutor.java:628)
	at java.base/java.lang.Thread.run(Thread.java:829)
... Removed 14 stack frames</div></td></tr></table><p class="totop"><a href="#summary">back to summary</a></p>
<h3 id="m17">lambdatest.Tests.TestScenario3#SubmitData</h3><table class="result"><tr><th>Exception</th></tr><tr><td><div class="stacktrace">java.lang.Throwable: Method lambdatest.Tests.TestScenario3.SubmitData() on instance lambdatest.Tests.TestScenario3@26e356f0 depends on not successfully finished methods 
[lambdatest.Tests.TestScenario3.checkFieldsMsg() on instance lambdatest.Tests.TestScenario3@26e356f0]
	at java.base/java.util.concurrent.ThreadPoolExecutor.runWorker(ThreadPoolExecutor.java:1128)
	at java.base/java.util.concurrent.ThreadPoolExecutor$Worker.run(ThreadPoolExecutor.java:628)
	at java.base/java.lang.Thread.run(Thread.java:829)
... Removed 3 stack frames</div></td></tr></table><p class="totop"><a href="#summary">back to summary</a></p>
<h3 id="m18">lambdatest.Tests.TestScenario3#checkFieldsMsg</h3><table class="result"><tr><th>Exception</th></tr><tr><td><div class="stacktrace">org.openqa.selenium.NoSuchElementException: Unable to locate element: span#exit_popup_close
For documentation on this error, please visit: https://selenium.dev/exceptions/#no_such_element
Build info: version: &apos;4.8.0&apos;, revision: &apos;267030adea&apos;
System info: os.name: &apos;Linux&apos;, os.arch: &apos;amd64&apos;, os.version: &apos;5.15.0-47-generic&apos;, java.version: &apos;11.0.17&apos;
Driver info: org.openqa.selenium.remote.RemoteWebDriver
Command: [0bb0e110-9359-44d8-8487-65105d79ea00, findElement {using=css selector, value=span#exit_popup_close}]
Capabilities {acceptInsecureCerts: true, browserName: firefox, browserVersion: 82.0, moz:accessibilityChecks: false, moz:buildID: 20201014125134, moz:geckodriverVersion: 0.30.0, moz:headless: false, moz:processID: 3212, moz:profile: C:\Users\ltuser\AppData\Loc..., moz:shutdownTimeout: 60000, moz:useNonSpecCompliantPointerOrigin: false, moz:webdriverClick: true, pageLoadStrategy: normal, platformName: WINDOWS, platformVersion: 6.1, rotatable: false, setWindowRect: true, strictFileInteractability: false, timeouts: {implicit: 0, pageLoad: 300000, script: 30000}, unhandledPromptBehavior: dismiss and notify}
Session ID: 0bb0e110-9359-44d8-8487-65105d79ea00
	at org.openqa.selenium.remote.codec.w3c.W3CHttpResponseCodec.createException(W3CHttpResponseCodec.java:200)
	at org.openqa.selenium.remote.codec.w3c.W3CHttpResponseCodec.decode(W3CHttpResponseCodec.java:133)
	at org.openqa.selenium.remote.codec.w3c.W3CHttpResponseCodec.decode(W3CHttpResponseCodec.java:53)
	at org.openqa.selenium.remote.HttpCommandExecutor.execute(HttpCommandExecutor.java:184)
	at org.openqa.selenium.remote.TracedCommandExecutor.execute(TracedCommandExecutor.java:51)
	at org.openqa.selenium.remote.RemoteWebDriver.execute(RemoteWebDriver.java:543)
	at org.openqa.selenium.remote.ElementLocation$ElementFinder$2.findElement(ElementLocation.java:162)
	at org.openqa.selenium.remote.ElementLocation.findElement(ElementLocation.java:60)
	at org.openqa.selenium.remote.RemoteWebDriver.findElement(RemoteWebDriver.java:352)
	at org.openqa.selenium.remote.RemoteWebDriver.findElement(RemoteWebDriver.java:344)
	at lambdatest.AbstractComponents.AbstractComponent.waitForPopUp(AbstractComponent.java:23)
	at lambdatest.PageObjectModel.SeleniumPlaygroundPage.popUpClose(SeleniumPlaygroundPage.java:54)
	at lambdatest.PageObjectModel.SeleniumPlaygroundPage.goTo(SeleniumPlaygroundPage.java:40)
	at lambdatest.TestComponents.BaseTest.setup(BaseTest.java:89)
	at java.base/java.util.concurrent.ThreadPoolExecutor.runWorker(ThreadPoolExecutor.java:1128)
	at java.base/java.util.concurrent.ThreadPoolExecutor$Worker.run(ThreadPoolExecutor.java:628)
	at java.base/java.lang.Thread.run(Thread.java:829)
... Removed 14 stack frames</div></td></tr></table><p class="totop"><a href="#summary">back to summary</a></p>
<h2>WIN10EXPLORERTEST</h2><h3 id="m19">lambdatest.Tests.TestScenario1#setup</h3><table class="result"><tr class="param"><th>Parameter #1</th><th>Parameter #2</th><th>Parameter #3</th></tr><tr class="param stripe"><td>Internet Explorer</td><td>11.0</td><td>Windows 10</td></tr><tr><th colspan="3">Exception</th></tr><tr><td colspan="3"><div class="stacktrace">org.openqa.selenium.NoSuchElementException: Unable to find element with css selector == span#exit_popup_close
For documentation on this error, please visit: https://selenium.dev/exceptions/#no_such_element
Build info: version: &apos;4.8.0&apos;, revision: &apos;267030adea&apos;
System info: os.name: &apos;Linux&apos;, os.arch: &apos;amd64&apos;, os.version: &apos;5.15.0-47-generic&apos;, java.version: &apos;11.0.17&apos;
Driver info: org.openqa.selenium.remote.RemoteWebDriver
Command: [402106f8-b0d8-4ac2-9973-1d88b4aad488, findElement {using=css selector, value=span#exit_popup_close}]
Capabilities {acceptInsecureCerts: false, browserName: internet explorer, browserVersion: 11, pageLoadStrategy: normal, platformName: WINDOWS, proxy: Proxy(), se:ieOptions: {browserAttachTimeout: 0, elementScrollBehavior: 0, enablePersistentHover: true, ie.browserCommandLineSwitches: , ie.edgechromium: false, ie.edgepath: , ie.ensureCleanSession: false, ie.fileUploadDialogTimeout: 3000, ie.forceCreateProcessApi: false, ignoreProtectedModeSettings: false, ignoreZoomSetting: false, initialBrowserUrl: http://localhost:41000/, nativeEvents: true, requireWindowFocus: false}, setWindowRect: true, strictFileInteractability: false, timeouts: {implicit: 0, pageLoad: 300000, script: 30000}, unhandledPromptBehavior: dismiss and notify}
Session ID: 402106f8-b0d8-4ac2-9973-1d88b4aad488
	at org.openqa.selenium.remote.codec.w3c.W3CHttpResponseCodec.createException(W3CHttpResponseCodec.java:200)
	at org.openqa.selenium.remote.codec.w3c.W3CHttpResponseCodec.decode(W3CHttpResponseCodec.java:133)
	at org.openqa.selenium.remote.codec.w3c.W3CHttpResponseCodec.decode(W3CHttpResponseCodec.java:53)
	at org.openqa.selenium.remote.HttpCommandExecutor.execute(HttpCommandExecutor.java:184)
	at org.openqa.selenium.remote.TracedCommandExecutor.execute(TracedCommandExecutor.java:51)
	at org.openqa.selenium.remote.RemoteWebDriver.execute(RemoteWebDriver.java:543)
	at org.openqa.selenium.remote.ElementLocation$ElementFinder$2.findElement(ElementLocation.java:162)
	at org.openqa.selenium.remote.ElementLocation.findElement(ElementLocation.java:60)
	at org.openqa.selenium.remote.RemoteWebDriver.findElement(RemoteWebDriver.java:352)
	at org.openqa.selenium.remote.RemoteWebDriver.findElement(RemoteWebDriver.java:344)
	at lambdatest.AbstractComponents.AbstractComponent.waitForPopUp(AbstractComponent.java:23)
	at lambdatest.PageObjectModel.SeleniumPlaygroundPage.popUpClose(SeleniumPlaygroundPage.java:54)
	at lambdatest.PageObjectModel.SeleniumPlaygroundPage.goTo(SeleniumPlaygroundPage.java:40)
	at lambdatest.TestComponents.BaseTest.setup(BaseTest.java:89)
	at java.base/java.util.concurrent.ThreadPoolExecutor.runWorker(ThreadPoolExecutor.java:1128)
	at java.base/java.util.concurrent.ThreadPoolExecutor$Worker.run(ThreadPoolExecutor.java:628)
	at java.base/java.lang.Thread.run(Thread.java:829)
... Removed 14 stack frames</div></td></tr></table><p class="totop"><a href="#summary">back to summary</a></p>
<h3 id="m20">lambdatest.Tests.TestScenario2#setup</h3><table class="result"><tr class="param"><th>Parameter #1</th><th>Parameter #2</th><th>Parameter #3</th></tr><tr class="param stripe"><td>Internet Explorer</td><td>11.0</td><td>Windows 10</td></tr><tr><th colspan="3">Exception</th></tr><tr><td colspan="3"><div class="stacktrace">org.openqa.selenium.NoSuchElementException: Unable to find element with css selector == span#exit_popup_close
For documentation on this error, please visit: https://selenium.dev/exceptions/#no_such_element
Build info: version: &apos;4.8.0&apos;, revision: &apos;267030adea&apos;
System info: os.name: &apos;Linux&apos;, os.arch: &apos;amd64&apos;, os.version: &apos;5.15.0-47-generic&apos;, java.version: &apos;11.0.17&apos;
Driver info: org.openqa.selenium.remote.RemoteWebDriver
Command: [c8fde038-6e59-4761-8f1b-7ce88bd75312, findElement {using=css selector, value=span#exit_popup_close}]
Capabilities {acceptInsecureCerts: false, browserName: internet explorer, browserVersion: 11, pageLoadStrategy: normal, platformName: WINDOWS, proxy: Proxy(), se:ieOptions: {browserAttachTimeout: 0, elementScrollBehavior: 0, enablePersistentHover: true, ie.browserCommandLineSwitches: , ie.edgechromium: false, ie.edgepath: , ie.ensureCleanSession: false, ie.fileUploadDialogTimeout: 3000, ie.forceCreateProcessApi: false, ignoreProtectedModeSettings: false, ignoreZoomSetting: false, initialBrowserUrl: http://localhost:41000/, nativeEvents: true, requireWindowFocus: false}, setWindowRect: true, strictFileInteractability: false, timeouts: {implicit: 0, pageLoad: 300000, script: 30000}, unhandledPromptBehavior: dismiss and notify}
Session ID: c8fde038-6e59-4761-8f1b-7ce88bd75312
	at org.openqa.selenium.remote.codec.w3c.W3CHttpResponseCodec.createException(W3CHttpResponseCodec.java:200)
	at org.openqa.selenium.remote.codec.w3c.W3CHttpResponseCodec.decode(W3CHttpResponseCodec.java:133)
	at org.openqa.selenium.remote.codec.w3c.W3CHttpResponseCodec.decode(W3CHttpResponseCodec.java:53)
	at org.openqa.selenium.remote.HttpCommandExecutor.execute(HttpCommandExecutor.java:184)
	at org.openqa.selenium.remote.TracedCommandExecutor.execute(TracedCommandExecutor.java:51)
	at org.openqa.selenium.remote.RemoteWebDriver.execute(RemoteWebDriver.java:543)
	at org.openqa.selenium.remote.ElementLocation$ElementFinder$2.findElement(ElementLocation.java:162)
	at org.openqa.selenium.remote.ElementLocation.findElement(ElementLocation.java:60)
	at org.openqa.selenium.remote.RemoteWebDriver.findElement(RemoteWebDriver.java:352)
	at org.openqa.selenium.remote.RemoteWebDriver.findElement(RemoteWebDriver.java:344)
	at lambdatest.AbstractComponents.AbstractComponent.waitForPopUp(AbstractComponent.java:23)
	at lambdatest.PageObjectModel.SeleniumPlaygroundPage.popUpClose(SeleniumPlaygroundPage.java:54)
	at lambdatest.PageObjectModel.SeleniumPlaygroundPage.goTo(SeleniumPlaygroundPage.java:40)
	at lambdatest.TestComponents.BaseTest.setup(BaseTest.java:89)
	at java.base/java.util.concurrent.ThreadPoolExecutor.runWorker(ThreadPoolExecutor.java:1128)
	at java.base/java.util.concurrent.ThreadPoolExecutor$Worker.run(ThreadPoolExecutor.java:628)
	at java.base/java.lang.Thread.run(Thread.java:829)
... Removed 14 stack frames</div></td></tr></table><p class="totop"><a href="#summary">back to summary</a></p>
<h3 id="m21">lambdatest.Tests.TestScenario3#setup</h3><table class="result"><tr class="param"><th>Parameter #1</th><th>Parameter #2</th><th>Parameter #3</th></tr><tr class="param stripe"><td>Internet Explorer</td><td>11.0</td><td>Windows 10</td></tr><tr><th colspan="3">Exception</th></tr><tr><td colspan="3"><div class="stacktrace">org.openqa.selenium.NoSuchElementException: Unable to find element with css selector == span#exit_popup_close
For documentation on this error, please visit: https://selenium.dev/exceptions/#no_such_element
Build info: version: &apos;4.8.0&apos;, revision: &apos;267030adea&apos;
System info: os.name: &apos;Linux&apos;, os.arch: &apos;amd64&apos;, os.version: &apos;5.15.0-47-generic&apos;, java.version: &apos;11.0.17&apos;
Driver info: org.openqa.selenium.remote.RemoteWebDriver
Command: [3e1d8f59-ddf2-4ff1-91e0-69b4284204e3, findElement {using=css selector, value=span#exit_popup_close}]
Capabilities {acceptInsecureCerts: false, browserName: internet explorer, browserVersion: 11, pageLoadStrategy: normal, platformName: WINDOWS, proxy: Proxy(), se:ieOptions: {browserAttachTimeout: 0, elementScrollBehavior: 0, enablePersistentHover: true, ie.browserCommandLineSwitches: , ie.edgechromium: false, ie.edgepath: , ie.ensureCleanSession: false, ie.fileUploadDialogTimeout: 3000, ie.forceCreateProcessApi: false, ignoreProtectedModeSettings: false, ignoreZoomSetting: false, initialBrowserUrl: http://localhost:41000/, nativeEvents: true, requireWindowFocus: false}, setWindowRect: true, strictFileInteractability: false, timeouts: {implicit: 0, pageLoad: 300000, script: 30000}, unhandledPromptBehavior: dismiss and notify}
Session ID: 3e1d8f59-ddf2-4ff1-91e0-69b4284204e3
	at org.openqa.selenium.remote.codec.w3c.W3CHttpResponseCodec.createException(W3CHttpResponseCodec.java:200)
	at org.openqa.selenium.remote.codec.w3c.W3CHttpResponseCodec.decode(W3CHttpResponseCodec.java:133)
	at org.openqa.selenium.remote.codec.w3c.W3CHttpResponseCodec.decode(W3CHttpResponseCodec.java:53)
	at org.openqa.selenium.remote.HttpCommandExecutor.execute(HttpCommandExecutor.java:184)
	at org.openqa.selenium.remote.TracedCommandExecutor.execute(TracedCommandExecutor.java:51)
	at org.openqa.selenium.remote.RemoteWebDriver.execute(RemoteWebDriver.java:543)
	at org.openqa.selenium.remote.ElementLocation$ElementFinder$2.findElement(ElementLocation.java:162)
	at org.openqa.selenium.remote.ElementLocation.findElement(ElementLocation.java:60)
	at org.openqa.selenium.remote.RemoteWebDriver.findElement(RemoteWebDriver.java:352)
	at org.openqa.selenium.remote.RemoteWebDriver.findElement(RemoteWebDriver.java:344)
	at lambdatest.AbstractComponents.AbstractComponent.waitForPopUp(AbstractComponent.java:23)
	at lambdatest.PageObjectModel.SeleniumPlaygroundPage.popUpClose(SeleniumPlaygroundPage.java:54)
	at lambdatest.PageObjectModel.SeleniumPlaygroundPage.goTo(SeleniumPlaygroundPage.java:40)
	at lambdatest.TestComponents.BaseTest.setup(BaseTest.java:89)
	at java.base/java.util.concurrent.ThreadPoolExecutor.runWorker(ThreadPoolExecutor.java:1128)
	at java.base/java.util.concurrent.ThreadPoolExecutor$Worker.run(ThreadPoolExecutor.java:628)
	at java.base/java.lang.Thread.run(Thread.java:829)
... Removed 14 stack frames</div></td></tr></table><p class="totop"><a href="#summary">back to summary</a></p>
<h3 id="m22">lambdatest.Tests.TestScenario1#validateMessage</h3><table class="result"><tr><th>Exception</th></tr><tr><td><div class="stacktrace">java.lang.Throwable: Method lambdatest.Tests.TestScenario1.validateMessage() on instance lambdatest.Tests.TestScenario1@1151e434 depends on not successfully finished methods 
[lambdatest.Tests.TestScenario1.validateUrl() on instance lambdatest.Tests.TestScenario1@1151e434]
	at java.base/java.util.concurrent.ThreadPoolExecutor.runWorker(ThreadPoolExecutor.java:1128)
	at java.base/java.util.concurrent.ThreadPoolExecutor$Worker.run(ThreadPoolExecutor.java:628)
	at java.base/java.lang.Thread.run(Thread.java:829)
... Removed 3 stack frames</div></td></tr></table><p class="totop"><a href="#summary">back to summary</a></p>
<h3 id="m23">lambdatest.Tests.TestScenario1#validateUrl</h3><table class="result"><tr><th>Exception</th></tr><tr><td><div class="stacktrace">org.openqa.selenium.NoSuchElementException: Unable to find element with css selector == span#exit_popup_close
For documentation on this error, please visit: https://selenium.dev/exceptions/#no_such_element
Build info: version: &apos;4.8.0&apos;, revision: &apos;267030adea&apos;
System info: os.name: &apos;Linux&apos;, os.arch: &apos;amd64&apos;, os.version: &apos;5.15.0-47-generic&apos;, java.version: &apos;11.0.17&apos;
Driver info: org.openqa.selenium.remote.RemoteWebDriver
Command: [402106f8-b0d8-4ac2-9973-1d88b4aad488, findElement {using=css selector, value=span#exit_popup_close}]
Capabilities {acceptInsecureCerts: false, browserName: internet explorer, browserVersion: 11, pageLoadStrategy: normal, platformName: WINDOWS, proxy: Proxy(), se:ieOptions: {browserAttachTimeout: 0, elementScrollBehavior: 0, enablePersistentHover: true, ie.browserCommandLineSwitches: , ie.edgechromium: false, ie.edgepath: , ie.ensureCleanSession: false, ie.fileUploadDialogTimeout: 3000, ie.forceCreateProcessApi: false, ignoreProtectedModeSettings: false, ignoreZoomSetting: false, initialBrowserUrl: http://localhost:41000/, nativeEvents: true, requireWindowFocus: false}, setWindowRect: true, strictFileInteractability: false, timeouts: {implicit: 0, pageLoad: 300000, script: 30000}, unhandledPromptBehavior: dismiss and notify}
Session ID: 402106f8-b0d8-4ac2-9973-1d88b4aad488
	at org.openqa.selenium.remote.codec.w3c.W3CHttpResponseCodec.createException(W3CHttpResponseCodec.java:200)
	at org.openqa.selenium.remote.codec.w3c.W3CHttpResponseCodec.decode(W3CHttpResponseCodec.java:133)
	at org.openqa.selenium.remote.codec.w3c.W3CHttpResponseCodec.decode(W3CHttpResponseCodec.java:53)
	at org.openqa.selenium.remote.HttpCommandExecutor.execute(HttpCommandExecutor.java:184)
	at org.openqa.selenium.remote.TracedCommandExecutor.execute(TracedCommandExecutor.java:51)
	at org.openqa.selenium.remote.RemoteWebDriver.execute(RemoteWebDriver.java:543)
	at org.openqa.selenium.remote.ElementLocation$ElementFinder$2.findElement(ElementLocation.java:162)
	at org.openqa.selenium.remote.ElementLocation.findElement(ElementLocation.java:60)
	at org.openqa.selenium.remote.RemoteWebDriver.findElement(RemoteWebDriver.java:352)
	at org.openqa.selenium.remote.RemoteWebDriver.findElement(RemoteWebDriver.java:344)
	at lambdatest.AbstractComponents.AbstractComponent.waitForPopUp(AbstractComponent.java:23)
	at lambdatest.PageObjectModel.SeleniumPlaygroundPage.popUpClose(SeleniumPlaygroundPage.java:54)
	at lambdatest.PageObjectModel.SeleniumPlaygroundPage.goTo(SeleniumPlaygroundPage.java:40)
	at lambdatest.TestComponents.BaseTest.setup(BaseTest.java:89)
	at java.base/java.util.concurrent.ThreadPoolExecutor.runWorker(ThreadPoolExecutor.java:1128)
	at java.base/java.util.concurrent.ThreadPoolExecutor$Worker.run(ThreadPoolExecutor.java:628)
	at java.base/java.lang.Thread.run(Thread.java:829)
... Removed 14 stack frames</div></td></tr></table><p class="totop"><a href="#summary">back to summary</a></p>
<h3 id="m24">lambdatest.Tests.TestScenario2#dragAndDrop</h3><table class="result"><tr><th>Exception</th></tr><tr><td><div class="stacktrace">org.openqa.selenium.NoSuchElementException: Unable to find element with css selector == span#exit_popup_close
For documentation on this error, please visit: https://selenium.dev/exceptions/#no_such_element
Build info: version: &apos;4.8.0&apos;, revision: &apos;267030adea&apos;
System info: os.name: &apos;Linux&apos;, os.arch: &apos;amd64&apos;, os.version: &apos;5.15.0-47-generic&apos;, java.version: &apos;11.0.17&apos;
Driver info: org.openqa.selenium.remote.RemoteWebDriver
Command: [c8fde038-6e59-4761-8f1b-7ce88bd75312, findElement {using=css selector, value=span#exit_popup_close}]
Capabilities {acceptInsecureCerts: false, browserName: internet explorer, browserVersion: 11, pageLoadStrategy: normal, platformName: WINDOWS, proxy: Proxy(), se:ieOptions: {browserAttachTimeout: 0, elementScrollBehavior: 0, enablePersistentHover: true, ie.browserCommandLineSwitches: , ie.edgechromium: false, ie.edgepath: , ie.ensureCleanSession: false, ie.fileUploadDialogTimeout: 3000, ie.forceCreateProcessApi: false, ignoreProtectedModeSettings: false, ignoreZoomSetting: false, initialBrowserUrl: http://localhost:41000/, nativeEvents: true, requireWindowFocus: false}, setWindowRect: true, strictFileInteractability: false, timeouts: {implicit: 0, pageLoad: 300000, script: 30000}, unhandledPromptBehavior: dismiss and notify}
Session ID: c8fde038-6e59-4761-8f1b-7ce88bd75312
	at org.openqa.selenium.remote.codec.w3c.W3CHttpResponseCodec.createException(W3CHttpResponseCodec.java:200)
	at org.openqa.selenium.remote.codec.w3c.W3CHttpResponseCodec.decode(W3CHttpResponseCodec.java:133)
	at org.openqa.selenium.remote.codec.w3c.W3CHttpResponseCodec.decode(W3CHttpResponseCodec.java:53)
	at org.openqa.selenium.remote.HttpCommandExecutor.execute(HttpCommandExecutor.java:184)
	at org.openqa.selenium.remote.TracedCommandExecutor.execute(TracedCommandExecutor.java:51)
	at org.openqa.selenium.remote.RemoteWebDriver.execute(RemoteWebDriver.java:543)
	at org.openqa.selenium.remote.ElementLocation$ElementFinder$2.findElement(ElementLocation.java:162)
	at org.openqa.selenium.remote.ElementLocation.findElement(ElementLocation.java:60)
	at org.openqa.selenium.remote.RemoteWebDriver.findElement(RemoteWebDriver.java:352)
	at org.openqa.selenium.remote.RemoteWebDriver.findElement(RemoteWebDriver.java:344)
	at lambdatest.AbstractComponents.AbstractComponent.waitForPopUp(AbstractComponent.java:23)
	at lambdatest.PageObjectModel.SeleniumPlaygroundPage.popUpClose(SeleniumPlaygroundPage.java:54)
	at lambdatest.PageObjectModel.SeleniumPlaygroundPage.goTo(SeleniumPlaygroundPage.java:40)
	at lambdatest.TestComponents.BaseTest.setup(BaseTest.java:89)
	at java.base/java.util.concurrent.ThreadPoolExecutor.runWorker(ThreadPoolExecutor.java:1128)
	at java.base/java.util.concurrent.ThreadPoolExecutor$Worker.run(ThreadPoolExecutor.java:628)
	at java.base/java.lang.Thread.run(Thread.java:829)
... Removed 14 stack frames</div></td></tr></table><p class="totop"><a href="#summary">back to summary</a></p>
<h3 id="m25">lambdatest.Tests.TestScenario3#SubmitData</h3><table class="result"><tr><th>Exception</th></tr><tr><td><div class="stacktrace">java.lang.Throwable: Method lambdatest.Tests.TestScenario3.SubmitData() on instance lambdatest.Tests.TestScenario3@4659191b depends on not successfully finished methods 
[lambdatest.Tests.TestScenario3.checkFieldsMsg() on instance lambdatest.Tests.TestScenario3@4659191b]
	at java.base/java.util.concurrent.ThreadPoolExecutor.runWorker(ThreadPoolExecutor.java:1128)
	at java.base/java.util.concurrent.ThreadPoolExecutor$Worker.run(ThreadPoolExecutor.java:628)
	at java.base/java.lang.Thread.run(Thread.java:829)
... Removed 3 stack frames</div></td></tr></table><p class="totop"><a href="#summary">back to summary</a></p>
<h3 id="m26">lambdatest.Tests.TestScenario3#checkFieldsMsg</h3><table class="result"><tr><th>Exception</th></tr><tr><td><div class="stacktrace">org.openqa.selenium.NoSuchElementException: Unable to find element with css selector == span#exit_popup_close
For documentation on this error, please visit: https://selenium.dev/exceptions/#no_such_element
Build info: version: &apos;4.8.0&apos;, revision: &apos;267030adea&apos;
System info: os.name: &apos;Linux&apos;, os.arch: &apos;amd64&apos;, os.version: &apos;5.15.0-47-generic&apos;, java.version: &apos;11.0.17&apos;
Driver info: org.openqa.selenium.remote.RemoteWebDriver
Command: [3e1d8f59-ddf2-4ff1-91e0-69b4284204e3, findElement {using=css selector, value=span#exit_popup_close}]
Capabilities {acceptInsecureCerts: false, browserName: internet explorer, browserVersion: 11, pageLoadStrategy: normal, platformName: WINDOWS, proxy: Proxy(), se:ieOptions: {browserAttachTimeout: 0, elementScrollBehavior: 0, enablePersistentHover: true, ie.browserCommandLineSwitches: , ie.edgechromium: false, ie.edgepath: , ie.ensureCleanSession: false, ie.fileUploadDialogTimeout: 3000, ie.forceCreateProcessApi: false, ignoreProtectedModeSettings: false, ignoreZoomSetting: false, initialBrowserUrl: http://localhost:41000/, nativeEvents: true, requireWindowFocus: false}, setWindowRect: true, strictFileInteractability: false, timeouts: {implicit: 0, pageLoad: 300000, script: 30000}, unhandledPromptBehavior: dismiss and notify}
Session ID: 3e1d8f59-ddf2-4ff1-91e0-69b4284204e3
	at org.openqa.selenium.remote.codec.w3c.W3CHttpResponseCodec.createException(W3CHttpResponseCodec.java:200)
	at org.openqa.selenium.remote.codec.w3c.W3CHttpResponseCodec.decode(W3CHttpResponseCodec.java:133)
	at org.openqa.selenium.remote.codec.w3c.W3CHttpResponseCodec.decode(W3CHttpResponseCodec.java:53)
	at org.openqa.selenium.remote.HttpCommandExecutor.execute(HttpCommandExecutor.java:184)
	at org.openqa.selenium.remote.TracedCommandExecutor.execute(TracedCommandExecutor.java:51)
	at org.openqa.selenium.remote.RemoteWebDriver.execute(RemoteWebDriver.java:543)
	at org.openqa.selenium.remote.ElementLocation$ElementFinder$2.findElement(ElementLocation.java:162)
	at org.openqa.selenium.remote.ElementLocation.findElement(ElementLocation.java:60)
	at org.openqa.selenium.remote.RemoteWebDriver.findElement(RemoteWebDriver.java:352)
	at org.openqa.selenium.remote.RemoteWebDriver.findElement(RemoteWebDriver.java:344)
	at lambdatest.AbstractComponents.AbstractComponent.waitForPopUp(AbstractComponent.java:23)
	at lambdatest.PageObjectModel.SeleniumPlaygroundPage.popUpClose(SeleniumPlaygroundPage.java:54)
	at lambdatest.PageObjectModel.SeleniumPlaygroundPage.goTo(SeleniumPlaygroundPage.java:40)
	at lambdatest.TestComponents.BaseTest.setup(BaseTest.java:89)
	at java.base/java.util.concurrent.ThreadPoolExecutor.runWorker(ThreadPoolExecutor.java:1128)
	at java.base/java.util.concurrent.ThreadPoolExecutor$Worker.run(ThreadPoolExecutor.java:628)
	at java.base/java.lang.Thread.run(Thread.java:829)
... Removed 14 stack frames</div></td></tr></table><p class="totop"><a href="#summary">back to summary</a></p>
</body>
</html>
