<!DOCTYPE html>

<html>
  <head>
  <meta charset='utf-8'>
  <title>TestNG reports</title>

    <link type="text/css" href="testng-reports1.css" rel="stylesheet" id="ultra" />
    <link type="text/css" href="testng-reports.css" rel="stylesheet" id="retro" disabled="false"/>
    <script type="text/javascript" src="jquery-3.6.0.min.js"></script>
    <script type="text/javascript" src="testng-reports.js"></script>
    <script type="text/javascript" src="https://www.google.com/jsapi"></script>
    <script type='text/javascript'>
      google.load('visualization', '1', {packages:['table']});
      google.setOnLoadCallback(drawTable);
      var suiteTableInitFunctions = new Array();
      var suiteTableData = new Array();
    </script>
    <!--
      <script type="text/javascript" src="jquery-ui/js/jquery-ui-1.8.16.custom.min.js"></script>
     -->
  </head>

  <body>    <div class="top-banner-root">
      <span class="top-banner-title-font">Test results</span>
      <button id="button" class="button">Switch Retro Theme</button> <!-- button -->
      <br/>
      <span class="top-banner-font-1">1 suite, 1 failed test</span>
    </div> <!-- top-banner-root -->
    <div class="navigator-root">
      <div class="navigator-suite-header">
        <span>All suites</span>
        <a href="#" title="Collapse/expand all the suites" class="collapse-all-link">
          <img src="collapseall.gif" class="collapse-all-icon">
          </img> <!-- collapse-all-icon -->
        </a> <!-- collapse-all-link -->
      </div> <!-- navigator-suite-header -->
      <div class="suite">
        <div class="rounded-window">
          <div class="suite-header light-rounded-window-top">
            <a href="#" panel-name="suite-LambdaTest" class="navigator-link">
              <span class="suite-name border-failed">LambdaTest</span>
            </a> <!-- navigator-link -->
          </div> <!-- suite-header light-rounded-window-top -->
          <div class="navigator-suite-content">
            <div class="suite-section-title">
              <span>Info</span>
            </div> <!-- suite-section-title -->
            <div class="suite-section-content">
              <ul>
                <li>
                  <a href="#" panel-name="test-xml-LambdaTest" class="navigator-link ">
                    <span>testng.xml</span>
                  </a> <!-- navigator-link  -->
                </li>
                <li>
                  <a href="#" panel-name="testlist-LambdaTest" class="navigator-link ">
                    <span class="test-stats">4 tests</span>
                  </a> <!-- navigator-link  -->
                </li>
                <li>
                  <a href="#" panel-name="group-LambdaTest" class="navigator-link ">
                    <span>0 groups</span>
                  </a> <!-- navigator-link  -->
                </li>
                <li>
                  <a href="#" panel-name="times-LambdaTest" class="navigator-link ">
                    <span>Times</span>
                  </a> <!-- navigator-link  -->
                </li>
                <li>
                  <a href="#" panel-name="reporter-LambdaTest" class="navigator-link ">
                    <span>Reporter output</span>
                  </a> <!-- navigator-link  -->
                </li>
                <li>
                  <a href="#" panel-name="ignored-methods-LambdaTest" class="navigator-link ">
                    <span>Ignored methods</span>
                  </a> <!-- navigator-link  -->
                </li>
                <li>
                  <a href="#" panel-name="chronological-LambdaTest" class="navigator-link ">
                    <span>Chronological view</span>
                  </a> <!-- navigator-link  -->
                </li>
              </ul>
            </div> <!-- suite-section-content -->
            <div class="result-section">
              <div class="suite-section-title">
                <span>Results</span>
              </div> <!-- suite-section-title -->
              <div class="suite-section-content">
                <ul>
                  <li>
                    <span class="method-stats">20 methods, 1 failed,  13 skipped,  6 passed</span>
                  </li>
                  <li>
                    <span class="method-list-title failed">Failed methods</span>
                    <span class="show-or-hide-methods failed">
                      <a href="#" panel-name="suite-LambdaTest" class="hide-methods failed suite-LambdaTest"> (hide)</a> <!-- hide-methods failed suite-LambdaTest -->
                      <a href="#" panel-name="suite-LambdaTest" class="show-methods failed suite-LambdaTest"> (show)</a> <!-- show-methods failed suite-LambdaTest -->
                    </span>
                    <div class="method-list-content failed suite-LambdaTest">
                      <span>
                        <img src="failed.png" width="3%"/>
                        <a href="#" panel-name="suite-LambdaTest" title="lambdatest.Tests.TestScenario3" class="method navigator-link" hash-for-method="checkFieldsMsg">checkFieldsMsg</a> <!-- method navigator-link -->
                      </span>
                      <br/>
                    </div> <!-- method-list-content failed suite-LambdaTest -->
                  </li>
                  <li>
                    <span class="method-list-title skipped">Skipped methods</span>
                    <span class="show-or-hide-methods skipped">
                      <a href="#" panel-name="suite-LambdaTest" class="hide-methods skipped suite-LambdaTest"> (hide)</a> <!-- hide-methods skipped suite-LambdaTest -->
                      <a href="#" panel-name="suite-LambdaTest" class="show-methods skipped suite-LambdaTest"> (show)</a> <!-- show-methods skipped suite-LambdaTest -->
                    </span>
                    <div class="method-list-content skipped suite-LambdaTest">
                      <span>
                        <img src="skipped.png" width="3%"/>
                        <a href="#" panel-name="suite-LambdaTest" title="lambdatest.Tests.TestScenario3" class="method navigator-link" hash-for-method="SubmitData">SubmitData</a> <!-- method navigator-link -->
                      </span>
                      <br/>
                      <span>
                        <img src="skipped.png" width="3%"/>
                        <a href="#" panel-name="suite-LambdaTest" title="lambdatest.Tests.TestScenario3" class="method navigator-link" hash-for-method="SubmitData">SubmitData</a> <!-- method navigator-link -->
                      </span>
                      <br/>
                      <span>
                        <img src="skipped.png" width="3%"/>
                        <a href="#" panel-name="suite-LambdaTest" title="lambdatest.Tests.TestScenario3" class="method navigator-link" hash-for-method="SubmitData">SubmitData</a> <!-- method navigator-link -->
                      </span>
                      <br/>
                      <span>
                        <img src="skipped.png" width="3%"/>
                        <a href="#" panel-name="suite-LambdaTest" title="lambdatest.Tests.TestScenario3" class="method navigator-link" hash-for-method="SubmitData">SubmitData</a> <!-- method navigator-link -->
                      </span>
                      <br/>
                      <span>
                        <img src="skipped.png" width="3%"/>
                        <a href="#" panel-name="suite-LambdaTest" title="lambdatest.Tests.TestScenario3" class="method navigator-link" hash-for-method="checkFieldsMsg">checkFieldsMsg</a> <!-- method navigator-link -->
                      </span>
                      <br/>
                      <span>
                        <img src="skipped.png" width="3%"/>
                        <a href="#" panel-name="suite-LambdaTest" title="lambdatest.Tests.TestScenario3" class="method navigator-link" hash-for-method="checkFieldsMsg">checkFieldsMsg</a> <!-- method navigator-link -->
                      </span>
                      <br/>
                      <span>
                        <img src="skipped.png" width="3%"/>
                        <a href="#" panel-name="suite-LambdaTest" title="lambdatest.Tests.TestScenario3" class="method navigator-link" hash-for-method="checkFieldsMsg">checkFieldsMsg</a> <!-- method navigator-link -->
                      </span>
                      <br/>
                      <span>
                        <img src="skipped.png" width="3%"/>
                        <a href="#" panel-name="suite-LambdaTest" title="lambdatest.Tests.TestScenario2" class="method navigator-link" hash-for-method="dragAndDrop">dragAndDrop</a> <!-- method navigator-link -->
                      </span>
                      <br/>
                      <span>
                        <img src="skipped.png" width="3%"/>
                        <a href="#" panel-name="suite-LambdaTest" title="lambdatest.Tests.TestScenario2" class="method navigator-link" hash-for-method="dragAndDrop">dragAndDrop</a> <!-- method navigator-link -->
                      </span>
                      <br/>
                      <span>
                        <img src="skipped.png" width="3%"/>
                        <a href="#" panel-name="suite-LambdaTest" title="lambdatest.Tests.TestScenario1" class="method navigator-link" hash-for-method="validateMessage">validateMessage</a> <!-- method navigator-link -->
                      </span>
                      <br/>
                      <span>
                        <img src="skipped.png" width="3%"/>
                        <a href="#" panel-name="suite-LambdaTest" title="lambdatest.Tests.TestScenario1" class="method navigator-link" hash-for-method="validateMessage">validateMessage</a> <!-- method navigator-link -->
                      </span>
                      <br/>
                      <span>
                        <img src="skipped.png" width="3%"/>
                        <a href="#" panel-name="suite-LambdaTest" title="lambdatest.Tests.TestScenario1" class="method navigator-link" hash-for-method="validateUrl">validateUrl</a> <!-- method navigator-link -->
                      </span>
                      <br/>
                      <span>
                        <img src="skipped.png" width="3%"/>
                        <a href="#" panel-name="suite-LambdaTest" title="lambdatest.Tests.TestScenario1" class="method navigator-link" hash-for-method="validateUrl">validateUrl</a> <!-- method navigator-link -->
                      </span>
                      <br/>
                    </div> <!-- method-list-content skipped suite-LambdaTest -->
                  </li>
                  <li>
                    <span class="method-list-title passed">Passed methods</span>
                    <span class="show-or-hide-methods passed">
                      <a href="#" panel-name="suite-LambdaTest" class="hide-methods passed suite-LambdaTest"> (hide)</a> <!-- hide-methods passed suite-LambdaTest -->
                      <a href="#" panel-name="suite-LambdaTest" class="show-methods passed suite-LambdaTest"> (show)</a> <!-- show-methods passed suite-LambdaTest -->
                    </span>
                    <div class="method-list-content passed suite-LambdaTest">
                      <span>
                        <img src="passed.png" width="3%"/>
                        <a href="#" panel-name="suite-LambdaTest" title="lambdatest.Tests.TestScenario2" class="method navigator-link" hash-for-method="dragAndDrop">dragAndDrop</a> <!-- method navigator-link -->
                      </span>
                      <br/>
                      <span>
                        <img src="passed.png" width="3%"/>
                        <a href="#" panel-name="suite-LambdaTest" title="lambdatest.Tests.TestScenario2" class="method navigator-link" hash-for-method="dragAndDrop">dragAndDrop</a> <!-- method navigator-link -->
                      </span>
                      <br/>
                      <span>
                        <img src="passed.png" width="3%"/>
                        <a href="#" panel-name="suite-LambdaTest" title="lambdatest.Tests.TestScenario1" class="method navigator-link" hash-for-method="validateMessage">validateMessage</a> <!-- method navigator-link -->
                      </span>
                      <br/>
                      <span>
                        <img src="passed.png" width="3%"/>
                        <a href="#" panel-name="suite-LambdaTest" title="lambdatest.Tests.TestScenario1" class="method navigator-link" hash-for-method="validateMessage">validateMessage</a> <!-- method navigator-link -->
                      </span>
                      <br/>
                      <span>
                        <img src="passed.png" width="3%"/>
                        <a href="#" panel-name="suite-LambdaTest" title="lambdatest.Tests.TestScenario1" class="method navigator-link" hash-for-method="validateUrl">validateUrl</a> <!-- method navigator-link -->
                      </span>
                      <br/>
                      <span>
                        <img src="passed.png" width="3%"/>
                        <a href="#" panel-name="suite-LambdaTest" title="lambdatest.Tests.TestScenario1" class="method navigator-link" hash-for-method="validateUrl">validateUrl</a> <!-- method navigator-link -->
                      </span>
                      <br/>
                    </div> <!-- method-list-content passed suite-LambdaTest -->
                  </li>
                </ul>
              </div> <!-- suite-section-content -->
            </div> <!-- result-section -->
          </div> <!-- navigator-suite-content -->
        </div> <!-- rounded-window -->
      </div> <!-- suite -->
    </div> <!-- navigator-root -->
    <div class="wrapper">
      <div class="main-panel-root">
        <div panel-name="suite-LambdaTest" class="panel LambdaTest">
          <div class="suite-LambdaTest-class-failed">
            <div class="main-panel-header rounded-window-top">
              <img src="failed.png"/>
              <span class="class-name">lambdatest.Tests.TestScenario3</span>
            </div> <!-- main-panel-header rounded-window-top -->
            <div class="main-panel-content rounded-window-bottom">
              <div class="method">
                <div class="method-content">
                  <a name="checkFieldsMsg">
                  </a> <!-- checkFieldsMsg -->
                  <span class="method-name">checkFieldsMsg</span>
                  <div class="stack-trace">java.lang.AssertionError: expected [Please fill in the fields] but found [Please fill out this field.]
	at lambdatest.Tests.TestScenario3.checkFieldsMsg(TestScenario3.java:24)
	at java.base/java.util.concurrent.ThreadPoolExecutor.runWorker(ThreadPoolExecutor.java:1128)
	at java.base/java.util.concurrent.ThreadPoolExecutor$Worker.run(ThreadPoolExecutor.java:628)
	at java.base/java.lang.Thread.run(Thread.java:829)
... Removed 23 stack frames
</div> <!-- stack-trace -->
                </div> <!-- method-content -->
              </div> <!-- method -->
            </div> <!-- main-panel-content rounded-window-bottom -->
          </div> <!-- suite-LambdaTest-class-failed -->
          <div class="suite-LambdaTest-class-skipped">
            <div class="main-panel-header rounded-window-top">
              <img src="skipped.png"/>
              <span class="class-name">lambdatest.Tests.TestScenario2</span>
            </div> <!-- main-panel-header rounded-window-top -->
            <div class="main-panel-content rounded-window-bottom">
              <div class="method">
                <div class="method-content">
                  <a name="dragAndDrop">
                  </a> <!-- dragAndDrop -->
                  <span class="method-name">dragAndDrop</span>
                  <div class="stack-trace">org.openqa.selenium.NoSuchElementException: Unable to locate element: span#exit_popup_close
For documentation on this error, please visit: https://selenium.dev/exceptions/#no_such_element
Build info: version: &apos;4.8.0&apos;, revision: &apos;267030adea&apos;
System info: os.name: &apos;Linux&apos;, os.arch: &apos;amd64&apos;, os.version: &apos;5.15.0-47-generic&apos;, java.version: &apos;11.0.17&apos;
Driver info: org.openqa.selenium.remote.RemoteWebDriver
Command: [19a89537-bb00-4a2a-b01f-c2a2e80ed11d, findElement {using=css selector, value=span#exit_popup_close}]
Capabilities {acceptInsecureCerts: true, browserName: firefox, browserVersion: 82.0, moz:accessibilityChecks: false, moz:buildID: 20201014125134, moz:geckodriverVersion: 0.30.0, moz:headless: false, moz:processID: 1340, moz:profile: C:\Users\ltuser\AppData\Loc..., moz:shutdownTimeout: 60000, moz:useNonSpecCompliantPointerOrigin: false, moz:webdriverClick: true, pageLoadStrategy: normal, platformName: WINDOWS, platformVersion: 6.1, rotatable: false, setWindowRect: true, strictFileInteractability: false, timeouts: {implicit: 0, pageLoad: 300000, script: 30000}, unhandledPromptBehavior: dismiss and notify}
Session ID: 19a89537-bb00-4a2a-b01f-c2a2e80ed11d
	at org.openqa.selenium.remote.codec.w3c.W3CHttpResponseCodec.createException(W3CHttpResponseCodec.java:200)
	at org.openqa.selenium.remote.codec.w3c.W3CHttpResponseCodec.decode(W3CHttpResponseCodec.java:133)
	at org.openqa.selenium.remote.codec.w3c.W3CHttpResponseCodec.decode(W3CHttpResponseCodec.java:53)
	at org.openqa.selenium.remote.HttpCommandExecutor.execute(HttpCommandExecutor.java:184)
	at org.openqa.selenium.remote.TracedCommandExecutor.execute(TracedCommandExecutor.java:51)
	at org.openqa.selenium.remote.RemoteWebDriver.execute(RemoteWebDriver.java:543)
	at org.openqa.selenium.remote.ElementLocation$ElementFinder$2.findElement(ElementLocation.java:162)
	at org.openqa.selenium.remote.ElementLocation.findElement(ElementLocation.java:60)
	at org.openqa.selenium.remote.RemoteWebDriver.findElement(RemoteWebDriver.java:352)
	at org.openqa.selenium.remote.RemoteWebDriver.findElement(RemoteWebDriver.java:344)
	at lambdatest.AbstractComponents.AbstractComponent.waitForPopUp(AbstractComponent.java:23)
	at lambdatest.PageObjectModel.SeleniumPlaygroundPage.popUpClose(SeleniumPlaygroundPage.java:54)
	at lambdatest.PageObjectModel.SeleniumPlaygroundPage.goTo(SeleniumPlaygroundPage.java:40)
	at lambdatest.TestComponents.BaseTest.setup(BaseTest.java:89)
	at java.base/java.util.concurrent.ThreadPoolExecutor.runWorker(ThreadPoolExecutor.java:1128)
	at java.base/java.util.concurrent.ThreadPoolExecutor$Worker.run(ThreadPoolExecutor.java:628)
	at java.base/java.lang.Thread.run(Thread.java:829)
... Removed 14 stack frames
</div> <!-- stack-trace -->
                </div> <!-- method-content -->
              </div> <!-- method -->
              <div class="method">
                <div class="method-content">
                  <a name="dragAndDrop">
                  </a> <!-- dragAndDrop -->
                  <span class="method-name">dragAndDrop</span>
                  <div class="stack-trace">org.openqa.selenium.NoSuchElementException: Unable to find element with css selector == span#exit_popup_close
For documentation on this error, please visit: https://selenium.dev/exceptions/#no_such_element
Build info: version: &apos;4.8.0&apos;, revision: &apos;267030adea&apos;
System info: os.name: &apos;Linux&apos;, os.arch: &apos;amd64&apos;, os.version: &apos;5.15.0-47-generic&apos;, java.version: &apos;11.0.17&apos;
Driver info: org.openqa.selenium.remote.RemoteWebDriver
Command: [c8fde038-6e59-4761-8f1b-7ce88bd75312, findElement {using=css selector, value=span#exit_popup_close}]
Capabilities {acceptInsecureCerts: false, browserName: internet explorer, browserVersion: 11, pageLoadStrategy: normal, platformName: WINDOWS, proxy: Proxy(), se:ieOptions: {browserAttachTimeout: 0, elementScrollBehavior: 0, enablePersistentHover: true, ie.browserCommandLineSwitches: , ie.edgechromium: false, ie.edgepath: , ie.ensureCleanSession: false, ie.fileUploadDialogTimeout: 3000, ie.forceCreateProcessApi: false, ignoreProtectedModeSettings: false, ignoreZoomSetting: false, initialBrowserUrl: http://localhost:41000/, nativeEvents: true, requireWindowFocus: false}, setWindowRect: true, strictFileInteractability: false, timeouts: {implicit: 0, pageLoad: 300000, script: 30000}, unhandledPromptBehavior: dismiss and notify}
Session ID: c8fde038-6e59-4761-8f1b-7ce88bd75312
	at org.openqa.selenium.remote.codec.w3c.W3CHttpResponseCodec.createException(W3CHttpResponseCodec.java:200)
	at org.openqa.selenium.remote.codec.w3c.W3CHttpResponseCodec.decode(W3CHttpResponseCodec.java:133)
	at org.openqa.selenium.remote.codec.w3c.W3CHttpResponseCodec.decode(W3CHttpResponseCodec.java:53)
	at org.openqa.selenium.remote.HttpCommandExecutor.execute(HttpCommandExecutor.java:184)
	at org.openqa.selenium.remote.TracedCommandExecutor.execute(TracedCommandExecutor.java:51)
	at org.openqa.selenium.remote.RemoteWebDriver.execute(RemoteWebDriver.java:543)
	at org.openqa.selenium.remote.ElementLocation$ElementFinder$2.findElement(ElementLocation.java:162)
	at org.openqa.selenium.remote.ElementLocation.findElement(ElementLocation.java:60)
	at org.openqa.selenium.remote.RemoteWebDriver.findElement(RemoteWebDriver.java:352)
	at org.openqa.selenium.remote.RemoteWebDriver.findElement(RemoteWebDriver.java:344)
	at lambdatest.AbstractComponents.AbstractComponent.waitForPopUp(AbstractComponent.java:23)
	at lambdatest.PageObjectModel.SeleniumPlaygroundPage.popUpClose(SeleniumPlaygroundPage.java:54)
	at lambdatest.PageObjectModel.SeleniumPlaygroundPage.goTo(SeleniumPlaygroundPage.java:40)
	at lambdatest.TestComponents.BaseTest.setup(BaseTest.java:89)
	at java.base/java.util.concurrent.ThreadPoolExecutor.runWorker(ThreadPoolExecutor.java:1128)
	at java.base/java.util.concurrent.ThreadPoolExecutor$Worker.run(ThreadPoolExecutor.java:628)
	at java.base/java.lang.Thread.run(Thread.java:829)
... Removed 14 stack frames
</div> <!-- stack-trace -->
                </div> <!-- method-content -->
              </div> <!-- method -->
            </div> <!-- main-panel-content rounded-window-bottom -->
          </div> <!-- suite-LambdaTest-class-skipped -->
          <div class="suite-LambdaTest-class-skipped">
            <div class="main-panel-header rounded-window-top">
              <img src="skipped.png"/>
              <span class="class-name">lambdatest.Tests.TestScenario1</span>
            </div> <!-- main-panel-header rounded-window-top -->
            <div class="main-panel-content rounded-window-bottom">
              <div class="method">
                <div class="method-content">
                  <a name="validateMessage">
                  </a> <!-- validateMessage -->
                  <span class="method-name">validateMessage</span>
                  <div class="stack-trace">java.lang.Throwable: Method lambdatest.Tests.TestScenario1.validateMessage() on instance lambdatest.Tests.TestScenario1@4310d43 depends on not successfully finished methods 
[lambdatest.Tests.TestScenario1.validateUrl() on instance lambdatest.Tests.TestScenario1@4310d43]
	at java.base/java.util.concurrent.ThreadPoolExecutor.runWorker(ThreadPoolExecutor.java:1128)
	at java.base/java.util.concurrent.ThreadPoolExecutor$Worker.run(ThreadPoolExecutor.java:628)
	at java.base/java.lang.Thread.run(Thread.java:829)
... Removed 3 stack frames
</div> <!-- stack-trace -->
                </div> <!-- method-content -->
              </div> <!-- method -->
              <div class="method">
                <div class="method-content">
                  <a name="validateMessage">
                  </a> <!-- validateMessage -->
                  <span class="method-name">validateMessage</span>
                  <div class="stack-trace">java.lang.Throwable: Method lambdatest.Tests.TestScenario1.validateMessage() on instance lambdatest.Tests.TestScenario1@1151e434 depends on not successfully finished methods 
[lambdatest.Tests.TestScenario1.validateUrl() on instance lambdatest.Tests.TestScenario1@1151e434]
	at java.base/java.util.concurrent.ThreadPoolExecutor.runWorker(ThreadPoolExecutor.java:1128)
	at java.base/java.util.concurrent.ThreadPoolExecutor$Worker.run(ThreadPoolExecutor.java:628)
	at java.base/java.lang.Thread.run(Thread.java:829)
... Removed 3 stack frames
</div> <!-- stack-trace -->
                </div> <!-- method-content -->
              </div> <!-- method -->
              <div class="method">
                <div class="method-content">
                  <a name="validateUrl">
                  </a> <!-- validateUrl -->
                  <span class="method-name">validateUrl</span>
                  <div class="stack-trace">java.lang.NullPointerException
	at lambdatest.TestComponents.BaseTest.setup(BaseTest.java:87)
	at java.base/java.util.concurrent.ThreadPoolExecutor.runWorker(ThreadPoolExecutor.java:1128)
	at java.base/java.util.concurrent.ThreadPoolExecutor$Worker.run(ThreadPoolExecutor.java:628)
	at java.base/java.lang.Thread.run(Thread.java:829)
... Removed 10 stack frames
</div> <!-- stack-trace -->
                </div> <!-- method-content -->
              </div> <!-- method -->
              <div class="method">
                <div class="method-content">
                  <a name="validateUrl">
                  </a> <!-- validateUrl -->
                  <span class="method-name">validateUrl</span>
                  <div class="stack-trace">org.openqa.selenium.NoSuchElementException: Unable to find element with css selector == span#exit_popup_close
For documentation on this error, please visit: https://selenium.dev/exceptions/#no_such_element
Build info: version: &apos;4.8.0&apos;, revision: &apos;267030adea&apos;
System info: os.name: &apos;Linux&apos;, os.arch: &apos;amd64&apos;, os.version: &apos;5.15.0-47-generic&apos;, java.version: &apos;11.0.17&apos;
Driver info: org.openqa.selenium.remote.RemoteWebDriver
Command: [402106f8-b0d8-4ac2-9973-1d88b4aad488, findElement {using=css selector, value=span#exit_popup_close}]
Capabilities {acceptInsecureCerts: false, browserName: internet explorer, browserVersion: 11, pageLoadStrategy: normal, platformName: WINDOWS, proxy: Proxy(), se:ieOptions: {browserAttachTimeout: 0, elementScrollBehavior: 0, enablePersistentHover: true, ie.browserCommandLineSwitches: , ie.edgechromium: false, ie.edgepath: , ie.ensureCleanSession: false, ie.fileUploadDialogTimeout: 3000, ie.forceCreateProcessApi: false, ignoreProtectedModeSettings: false, ignoreZoomSetting: false, initialBrowserUrl: http://localhost:41000/, nativeEvents: true, requireWindowFocus: false}, setWindowRect: true, strictFileInteractability: false, timeouts: {implicit: 0, pageLoad: 300000, script: 30000}, unhandledPromptBehavior: dismiss and notify}
Session ID: 402106f8-b0d8-4ac2-9973-1d88b4aad488
	at org.openqa.selenium.remote.codec.w3c.W3CHttpResponseCodec.createException(W3CHttpResponseCodec.java:200)
	at org.openqa.selenium.remote.codec.w3c.W3CHttpResponseCodec.decode(W3CHttpResponseCodec.java:133)
	at org.openqa.selenium.remote.codec.w3c.W3CHttpResponseCodec.decode(W3CHttpResponseCodec.java:53)
	at org.openqa.selenium.remote.HttpCommandExecutor.execute(HttpCommandExecutor.java:184)
	at org.openqa.selenium.remote.TracedCommandExecutor.execute(TracedCommandExecutor.java:51)
	at org.openqa.selenium.remote.RemoteWebDriver.execute(RemoteWebDriver.java:543)
	at org.openqa.selenium.remote.ElementLocation$ElementFinder$2.findElement(ElementLocation.java:162)
	at org.openqa.selenium.remote.ElementLocation.findElement(ElementLocation.java:60)
	at org.openqa.selenium.remote.RemoteWebDriver.findElement(RemoteWebDriver.java:352)
	at org.openqa.selenium.remote.RemoteWebDriver.findElement(RemoteWebDriver.java:344)
	at lambdatest.AbstractComponents.AbstractComponent.waitForPopUp(AbstractComponent.java:23)
	at lambdatest.PageObjectModel.SeleniumPlaygroundPage.popUpClose(SeleniumPlaygroundPage.java:54)
	at lambdatest.PageObjectModel.SeleniumPlaygroundPage.goTo(SeleniumPlaygroundPage.java:40)
	at lambdatest.TestComponents.BaseTest.setup(BaseTest.java:89)
	at java.base/java.util.concurrent.ThreadPoolExecutor.runWorker(ThreadPoolExecutor.java:1128)
	at java.base/java.util.concurrent.ThreadPoolExecutor$Worker.run(ThreadPoolExecutor.java:628)
	at java.base/java.lang.Thread.run(Thread.java:829)
... Removed 14 stack frames
</div> <!-- stack-trace -->
                </div> <!-- method-content -->
              </div> <!-- method -->
            </div> <!-- main-panel-content rounded-window-bottom -->
          </div> <!-- suite-LambdaTest-class-skipped -->
          <div class="suite-LambdaTest-class-skipped">
            <div class="main-panel-header rounded-window-top">
              <img src="skipped.png"/>
              <span class="class-name">lambdatest.Tests.TestScenario3</span>
            </div> <!-- main-panel-header rounded-window-top -->
            <div class="main-panel-content rounded-window-bottom">
              <div class="method">
                <div class="method-content">
                  <a name="SubmitData">
                  </a> <!-- SubmitData -->
                  <span class="method-name">SubmitData</span>
                  <div class="stack-trace">java.lang.Throwable: Method lambdatest.Tests.TestScenario3.SubmitData() on instance lambdatest.Tests.TestScenario3@7fee8714 depends on not successfully finished methods 
[lambdatest.Tests.TestScenario3.checkFieldsMsg() on instance lambdatest.Tests.TestScenario3@7fee8714]
	at java.base/java.util.concurrent.ThreadPoolExecutor.runWorker(ThreadPoolExecutor.java:1128)
	at java.base/java.util.concurrent.ThreadPoolExecutor$Worker.run(ThreadPoolExecutor.java:628)
	at java.base/java.lang.Thread.run(Thread.java:829)
... Removed 3 stack frames
</div> <!-- stack-trace -->
                </div> <!-- method-content -->
              </div> <!-- method -->
              <div class="method">
                <div class="method-content">
                  <a name="SubmitData">
                  </a> <!-- SubmitData -->
                  <span class="method-name">SubmitData</span>
                  <div class="stack-trace">java.lang.Throwable: Method lambdatest.Tests.TestScenario3.SubmitData() on instance lambdatest.Tests.TestScenario3@51e69659 depends on not successfully finished methods 
[lambdatest.Tests.TestScenario3.checkFieldsMsg() on instance lambdatest.Tests.TestScenario3@51e69659]
	at java.base/java.util.concurrent.ThreadPoolExecutor.runWorker(ThreadPoolExecutor.java:1128)
	at java.base/java.util.concurrent.ThreadPoolExecutor$Worker.run(ThreadPoolExecutor.java:628)
	at java.base/java.lang.Thread.run(Thread.java:829)
... Removed 3 stack frames
</div> <!-- stack-trace -->
                </div> <!-- method-content -->
              </div> <!-- method -->
              <div class="method">
                <div class="method-content">
                  <a name="SubmitData">
                  </a> <!-- SubmitData -->
                  <span class="method-name">SubmitData</span>
                  <div class="stack-trace">java.lang.Throwable: Method lambdatest.Tests.TestScenario3.SubmitData() on instance lambdatest.Tests.TestScenario3@26e356f0 depends on not successfully finished methods 
[lambdatest.Tests.TestScenario3.checkFieldsMsg() on instance lambdatest.Tests.TestScenario3@26e356f0]
	at java.base/java.util.concurrent.ThreadPoolExecutor.runWorker(ThreadPoolExecutor.java:1128)
	at java.base/java.util.concurrent.ThreadPoolExecutor$Worker.run(ThreadPoolExecutor.java:628)
	at java.base/java.lang.Thread.run(Thread.java:829)
... Removed 3 stack frames
</div> <!-- stack-trace -->
                </div> <!-- method-content -->
              </div> <!-- method -->
              <div class="method">
                <div class="method-content">
                  <a name="SubmitData">
                  </a> <!-- SubmitData -->
                  <span class="method-name">SubmitData</span>
                  <div class="stack-trace">java.lang.Throwable: Method lambdatest.Tests.TestScenario3.SubmitData() on instance lambdatest.Tests.TestScenario3@4659191b depends on not successfully finished methods 
[lambdatest.Tests.TestScenario3.checkFieldsMsg() on instance lambdatest.Tests.TestScenario3@4659191b]
	at java.base/java.util.concurrent.ThreadPoolExecutor.runWorker(ThreadPoolExecutor.java:1128)
	at java.base/java.util.concurrent.ThreadPoolExecutor$Worker.run(ThreadPoolExecutor.java:628)
	at java.base/java.lang.Thread.run(Thread.java:829)
... Removed 3 stack frames
</div> <!-- stack-trace -->
                </div> <!-- method-content -->
              </div> <!-- method -->
              <div class="method">
                <div class="method-content">
                  <a name="checkFieldsMsg">
                  </a> <!-- checkFieldsMsg -->
                  <span class="method-name">checkFieldsMsg</span>
                  <div class="stack-trace">java.lang.NullPointerException
	at lambdatest.TestComponents.BaseTest.setup(BaseTest.java:87)
	at java.base/java.util.concurrent.ThreadPoolExecutor.runWorker(ThreadPoolExecutor.java:1128)
	at java.base/java.util.concurrent.ThreadPoolExecutor$Worker.run(ThreadPoolExecutor.java:628)
	at java.base/java.lang.Thread.run(Thread.java:829)
... Removed 10 stack frames
</div> <!-- stack-trace -->
                </div> <!-- method-content -->
              </div> <!-- method -->
              <div class="method">
                <div class="method-content">
                  <a name="checkFieldsMsg">
                  </a> <!-- checkFieldsMsg -->
                  <span class="method-name">checkFieldsMsg</span>
                  <div class="stack-trace">org.openqa.selenium.NoSuchElementException: Unable to locate element: span#exit_popup_close
For documentation on this error, please visit: https://selenium.dev/exceptions/#no_such_element
Build info: version: &apos;4.8.0&apos;, revision: &apos;267030adea&apos;
System info: os.name: &apos;Linux&apos;, os.arch: &apos;amd64&apos;, os.version: &apos;5.15.0-47-generic&apos;, java.version: &apos;11.0.17&apos;
Driver info: org.openqa.selenium.remote.RemoteWebDriver
Command: [0bb0e110-9359-44d8-8487-65105d79ea00, findElement {using=css selector, value=span#exit_popup_close}]
Capabilities {acceptInsecureCerts: true, browserName: firefox, browserVersion: 82.0, moz:accessibilityChecks: false, moz:buildID: 20201014125134, moz:geckodriverVersion: 0.30.0, moz:headless: false, moz:processID: 3212, moz:profile: C:\Users\ltuser\AppData\Loc..., moz:shutdownTimeout: 60000, moz:useNonSpecCompliantPointerOrigin: false, moz:webdriverClick: true, pageLoadStrategy: normal, platformName: WINDOWS, platformVersion: 6.1, rotatable: false, setWindowRect: true, strictFileInteractability: false, timeouts: {implicit: 0, pageLoad: 300000, script: 30000}, unhandledPromptBehavior: dismiss and notify}
Session ID: 0bb0e110-9359-44d8-8487-65105d79ea00
	at org.openqa.selenium.remote.codec.w3c.W3CHttpResponseCodec.createException(W3CHttpResponseCodec.java:200)
	at org.openqa.selenium.remote.codec.w3c.W3CHttpResponseCodec.decode(W3CHttpResponseCodec.java:133)
	at org.openqa.selenium.remote.codec.w3c.W3CHttpResponseCodec.decode(W3CHttpResponseCodec.java:53)
	at org.openqa.selenium.remote.HttpCommandExecutor.execute(HttpCommandExecutor.java:184)
	at org.openqa.selenium.remote.TracedCommandExecutor.execute(TracedCommandExecutor.java:51)
	at org.openqa.selenium.remote.RemoteWebDriver.execute(RemoteWebDriver.java:543)
	at org.openqa.selenium.remote.ElementLocation$ElementFinder$2.findElement(ElementLocation.java:162)
	at org.openqa.selenium.remote.ElementLocation.findElement(ElementLocation.java:60)
	at org.openqa.selenium.remote.RemoteWebDriver.findElement(RemoteWebDriver.java:352)
	at org.openqa.selenium.remote.RemoteWebDriver.findElement(RemoteWebDriver.java:344)
	at lambdatest.AbstractComponents.AbstractComponent.waitForPopUp(AbstractComponent.java:23)
	at lambdatest.PageObjectModel.SeleniumPlaygroundPage.popUpClose(SeleniumPlaygroundPage.java:54)
	at lambdatest.PageObjectModel.SeleniumPlaygroundPage.goTo(SeleniumPlaygroundPage.java:40)
	at lambdatest.TestComponents.BaseTest.setup(BaseTest.java:89)
	at java.base/java.util.concurrent.ThreadPoolExecutor.runWorker(ThreadPoolExecutor.java:1128)
	at java.base/java.util.concurrent.ThreadPoolExecutor$Worker.run(ThreadPoolExecutor.java:628)
	at java.base/java.lang.Thread.run(Thread.java:829)
... Removed 14 stack frames
</div> <!-- stack-trace -->
                </div> <!-- method-content -->
              </div> <!-- method -->
              <div class="method">
                <div class="method-content">
                  <a name="checkFieldsMsg">
                  </a> <!-- checkFieldsMsg -->
                  <span class="method-name">checkFieldsMsg</span>
                  <div class="stack-trace">org.openqa.selenium.NoSuchElementException: Unable to find element with css selector == span#exit_popup_close
For documentation on this error, please visit: https://selenium.dev/exceptions/#no_such_element
Build info: version: &apos;4.8.0&apos;, revision: &apos;267030adea&apos;
System info: os.name: &apos;Linux&apos;, os.arch: &apos;amd64&apos;, os.version: &apos;5.15.0-47-generic&apos;, java.version: &apos;11.0.17&apos;
Driver info: org.openqa.selenium.remote.RemoteWebDriver
Command: [3e1d8f59-ddf2-4ff1-91e0-69b4284204e3, findElement {using=css selector, value=span#exit_popup_close}]
Capabilities {acceptInsecureCerts: false, browserName: internet explorer, browserVersion: 11, pageLoadStrategy: normal, platformName: WINDOWS, proxy: Proxy(), se:ieOptions: {browserAttachTimeout: 0, elementScrollBehavior: 0, enablePersistentHover: true, ie.browserCommandLineSwitches: , ie.edgechromium: false, ie.edgepath: , ie.ensureCleanSession: false, ie.fileUploadDialogTimeout: 3000, ie.forceCreateProcessApi: false, ignoreProtectedModeSettings: false, ignoreZoomSetting: false, initialBrowserUrl: http://localhost:41000/, nativeEvents: true, requireWindowFocus: false}, setWindowRect: true, strictFileInteractability: false, timeouts: {implicit: 0, pageLoad: 300000, script: 30000}, unhandledPromptBehavior: dismiss and notify}
Session ID: 3e1d8f59-ddf2-4ff1-91e0-69b4284204e3
	at org.openqa.selenium.remote.codec.w3c.W3CHttpResponseCodec.createException(W3CHttpResponseCodec.java:200)
	at org.openqa.selenium.remote.codec.w3c.W3CHttpResponseCodec.decode(W3CHttpResponseCodec.java:133)
	at org.openqa.selenium.remote.codec.w3c.W3CHttpResponseCodec.decode(W3CHttpResponseCodec.java:53)
	at org.openqa.selenium.remote.HttpCommandExecutor.execute(HttpCommandExecutor.java:184)
	at org.openqa.selenium.remote.TracedCommandExecutor.execute(TracedCommandExecutor.java:51)
	at org.openqa.selenium.remote.RemoteWebDriver.execute(RemoteWebDriver.java:543)
	at org.openqa.selenium.remote.ElementLocation$ElementFinder$2.findElement(ElementLocation.java:162)
	at org.openqa.selenium.remote.ElementLocation.findElement(ElementLocation.java:60)
	at org.openqa.selenium.remote.RemoteWebDriver.findElement(RemoteWebDriver.java:352)
	at org.openqa.selenium.remote.RemoteWebDriver.findElement(RemoteWebDriver.java:344)
	at lambdatest.AbstractComponents.AbstractComponent.waitForPopUp(AbstractComponent.java:23)
	at lambdatest.PageObjectModel.SeleniumPlaygroundPage.popUpClose(SeleniumPlaygroundPage.java:54)
	at lambdatest.PageObjectModel.SeleniumPlaygroundPage.goTo(SeleniumPlaygroundPage.java:40)
	at lambdatest.TestComponents.BaseTest.setup(BaseTest.java:89)
	at java.base/java.util.concurrent.ThreadPoolExecutor.runWorker(ThreadPoolExecutor.java:1128)
	at java.base/java.util.concurrent.ThreadPoolExecutor$Worker.run(ThreadPoolExecutor.java:628)
	at java.base/java.lang.Thread.run(Thread.java:829)
... Removed 14 stack frames
</div> <!-- stack-trace -->
                </div> <!-- method-content -->
              </div> <!-- method -->
            </div> <!-- main-panel-content rounded-window-bottom -->
          </div> <!-- suite-LambdaTest-class-skipped -->
          <div class="suite-LambdaTest-class-passed">
            <div class="main-panel-header rounded-window-top">
              <img src="passed.png"/>
              <span class="class-name">lambdatest.Tests.TestScenario2</span>
            </div> <!-- main-panel-header rounded-window-top -->
            <div class="main-panel-content rounded-window-bottom">
              <div class="method">
                <div class="method-content">
                  <a name="dragAndDrop">
                  </a> <!-- dragAndDrop -->
                  <span class="method-name">dragAndDrop</span>
                </div> <!-- method-content -->
              </div> <!-- method -->
              <div class="method">
                <div class="method-content">
                  <a name="dragAndDrop">
                  </a> <!-- dragAndDrop -->
                  <span class="method-name">dragAndDrop</span>
                </div> <!-- method-content -->
              </div> <!-- method -->
            </div> <!-- main-panel-content rounded-window-bottom -->
          </div> <!-- suite-LambdaTest-class-passed -->
          <div class="suite-LambdaTest-class-passed">
            <div class="main-panel-header rounded-window-top">
              <img src="passed.png"/>
              <span class="class-name">lambdatest.Tests.TestScenario1</span>
            </div> <!-- main-panel-header rounded-window-top -->
            <div class="main-panel-content rounded-window-bottom">
              <div class="method">
                <div class="method-content">
                  <a name="validateMessage">
                  </a> <!-- validateMessage -->
                  <span class="method-name">validateMessage</span>
                </div> <!-- method-content -->
              </div> <!-- method -->
              <div class="method">
                <div class="method-content">
                  <a name="validateMessage">
                  </a> <!-- validateMessage -->
                  <span class="method-name">validateMessage</span>
                </div> <!-- method-content -->
              </div> <!-- method -->
              <div class="method">
                <div class="method-content">
                  <a name="validateUrl">
                  </a> <!-- validateUrl -->
                  <span class="method-name">validateUrl</span>
                </div> <!-- method-content -->
              </div> <!-- method -->
              <div class="method">
                <div class="method-content">
                  <a name="validateUrl">
                  </a> <!-- validateUrl -->
                  <span class="method-name">validateUrl</span>
                </div> <!-- method-content -->
              </div> <!-- method -->
            </div> <!-- main-panel-content rounded-window-bottom -->
          </div> <!-- suite-LambdaTest-class-passed -->
        </div> <!-- panel LambdaTest -->
        <div panel-name="test-xml-LambdaTest" class="panel">
          <div class="main-panel-header rounded-window-top">
            <span class="header-content">/workspace/Lambda-Test-Selenium-Java-101-Assignment/testng.xml</span>
          </div> <!-- main-panel-header rounded-window-top -->
          <div class="main-panel-content rounded-window-bottom">
            <pre>
&lt;?xml version=&quot;1.0&quot; encoding=&quot;UTF-8&quot;?&gt;
&lt;!DOCTYPE suite SYSTEM &quot;https://testng.org/testng-1.0.dtd&quot;&gt;
&lt;suite thread-count=&quot;3&quot; parallel=&quot;tests&quot; name=&quot;LambdaTest&quot; guice-stage=&quot;DEVELOPMENT&quot; verbose=&quot;0&quot;&gt;
  &lt;test thread-count=&quot;3&quot; parallel=&quot;classes&quot; name=&quot;WIN10TEST&quot; verbose=&quot;0&quot;&gt;
    &lt;parameter name=&quot;browser&quot; value=&quot;chrome&quot;/&gt;
    &lt;parameter name=&quot;version&quot; value=&quot;88.0&quot;/&gt;
    &lt;parameter name=&quot;platform&quot; value=&quot;WIN10&quot;/&gt;
    &lt;classes&gt;
      &lt;class name=&quot;lambdatest.TestComponents.BaseTest&quot;/&gt;
      &lt;class name=&quot;lambdatest.Tests.TestScenario1&quot;/&gt;
      &lt;class name=&quot;lambdatest.Tests.TestScenario2&quot;/&gt;
      &lt;class name=&quot;lambdatest.Tests.TestScenario3&quot;/&gt;
    &lt;/classes&gt;
  &lt;/test&gt; &lt;!-- WIN10TEST --&gt;
  &lt;test thread-count=&quot;3&quot; parallel=&quot;classes&quot; name=&quot;MACOSTEST&quot; verbose=&quot;0&quot;&gt;
    &lt;parameter name=&quot;browser&quot; value=&quot;MicrosoftEdge&quot;/&gt;
    &lt;parameter name=&quot;version&quot; value=&quot;87.0&quot;/&gt;
    &lt;parameter name=&quot;platform&quot; value=&quot;macOS Sierra&quot;/&gt;
    &lt;classes&gt;
      &lt;class name=&quot;lambdatest.TestComponents.BaseTest&quot;/&gt;
      &lt;class name=&quot;lambdatest.Tests.TestScenario1&quot;/&gt;
      &lt;class name=&quot;lambdatest.Tests.TestScenario2&quot;/&gt;
      &lt;class name=&quot;lambdatest.Tests.TestScenario3&quot;/&gt;
    &lt;/classes&gt;
  &lt;/test&gt; &lt;!-- MACOSTEST --&gt;
  &lt;test thread-count=&quot;3&quot; parallel=&quot;classes&quot; name=&quot;WIN7TEST&quot; verbose=&quot;0&quot;&gt;
    &lt;parameter name=&quot;browser&quot; value=&quot;firefox&quot;/&gt;
    &lt;parameter name=&quot;version&quot; value=&quot;82.0&quot;/&gt;
    &lt;parameter name=&quot;platform&quot; value=&quot;Windows 7&quot;/&gt;
    &lt;classes&gt;
      &lt;class name=&quot;lambdatest.TestComponents.BaseTest&quot;/&gt;
      &lt;class name=&quot;lambdatest.Tests.TestScenario1&quot;/&gt;
      &lt;class name=&quot;lambdatest.Tests.TestScenario2&quot;/&gt;
      &lt;class name=&quot;lambdatest.Tests.TestScenario3&quot;/&gt;
    &lt;/classes&gt;
  &lt;/test&gt; &lt;!-- WIN7TEST --&gt;
  &lt;test thread-count=&quot;3&quot; parallel=&quot;classes&quot; name=&quot;WIN10EXPLORERTEST&quot; verbose=&quot;0&quot;&gt;
    &lt;parameter name=&quot;browser&quot; value=&quot;Internet Explorer&quot;/&gt;
    &lt;parameter name=&quot;version&quot; value=&quot;11.0&quot;/&gt;
    &lt;parameter name=&quot;platform&quot; value=&quot;Windows 10&quot;/&gt;
    &lt;classes&gt;
      &lt;class name=&quot;lambdatest.TestComponents.BaseTest&quot;/&gt;
      &lt;class name=&quot;lambdatest.Tests.TestScenario1&quot;/&gt;
      &lt;class name=&quot;lambdatest.Tests.TestScenario2&quot;/&gt;
      &lt;class name=&quot;lambdatest.Tests.TestScenario3&quot;/&gt;
    &lt;/classes&gt;
  &lt;/test&gt; &lt;!-- WIN10EXPLORERTEST --&gt;
&lt;/suite&gt; &lt;!-- LambdaTest --&gt;
            </pre>
          </div> <!-- main-panel-content rounded-window-bottom -->
        </div> <!-- panel -->
        <div panel-name="testlist-LambdaTest" class="panel">
          <div class="main-panel-header rounded-window-top">
            <span class="header-content">Tests for LambdaTest</span>
          </div> <!-- main-panel-header rounded-window-top -->
          <div class="main-panel-content rounded-window-bottom">
            <ul>
              <li>
                <span class="test-name">WIN10TEST (4 classes)</span>
              </li>
              <li>
                <span class="test-name">MACOSTEST (4 classes)</span>
              </li>
              <li>
                <span class="test-name">WIN7TEST (4 classes)</span>
              </li>
              <li>
                <span class="test-name">WIN10EXPLORERTEST (4 classes)</span>
              </li>
            </ul>
          </div> <!-- main-panel-content rounded-window-bottom -->
        </div> <!-- panel -->
        <div panel-name="group-LambdaTest" class="panel">
          <div class="main-panel-header rounded-window-top">
            <span class="header-content">Groups for LambdaTest</span>
          </div> <!-- main-panel-header rounded-window-top -->
          <div class="main-panel-content rounded-window-bottom">
          </div> <!-- main-panel-content rounded-window-bottom -->
        </div> <!-- panel -->
        <div panel-name="times-LambdaTest" class="panel">
          <div class="main-panel-header rounded-window-top">
            <span class="header-content">Times for LambdaTest</span>
          </div> <!-- main-panel-header rounded-window-top -->
          <div class="main-panel-content rounded-window-bottom">
            <div class="times-div">
              <script type="text/javascript">
suiteTableInitFunctions.push('tableData_LambdaTest');
function tableData_LambdaTest() {
var data = new google.visualization.DataTable();
data.addColumn('number', 'Number');
data.addColumn('string', 'Method');
data.addColumn('string', 'Class');
data.addColumn('number', 'Time (ms)');
data.addRows(20);
data.setCell(0, 0, 0)
data.setCell(0, 1, 'dragAndDrop')
data.setCell(0, 2, 'lambdatest.Tests.TestScenario2')
data.setCell(0, 3, 3220);
data.setCell(1, 0, 1)
data.setCell(1, 1, 'checkFieldsMsg')
data.setCell(1, 2, 'lambdatest.Tests.TestScenario3')
data.setCell(1, 3, 2925);
data.setCell(2, 0, 2)
data.setCell(2, 1, 'dragAndDrop')
data.setCell(2, 2, 'lambdatest.Tests.TestScenario2')
data.setCell(2, 3, 2843);
data.setCell(3, 0, 3)
data.setCell(3, 1, 'validateUrl')
data.setCell(3, 2, 'lambdatest.Tests.TestScenario1')
data.setCell(3, 3, 2500);
data.setCell(4, 0, 4)
data.setCell(4, 1, 'validateUrl')
data.setCell(4, 2, 'lambdatest.Tests.TestScenario1')
data.setCell(4, 3, 1862);
data.setCell(5, 0, 5)
data.setCell(5, 1, 'validateMessage')
data.setCell(5, 2, 'lambdatest.Tests.TestScenario1')
data.setCell(5, 3, 1508);
data.setCell(6, 0, 6)
data.setCell(6, 1, 'validateMessage')
data.setCell(6, 2, 'lambdatest.Tests.TestScenario1')
data.setCell(6, 3, 1103);
data.setCell(7, 0, 7)
data.setCell(7, 1, 'SubmitData')
data.setCell(7, 2, 'lambdatest.Tests.TestScenario3')
data.setCell(7, 3, 0);
data.setCell(8, 0, 8)
data.setCell(8, 1, 'SubmitData')
data.setCell(8, 2, 'lambdatest.Tests.TestScenario3')
data.setCell(8, 3, 0);
data.setCell(9, 0, 9)
data.setCell(9, 1, 'checkFieldsMsg')
data.setCell(9, 2, 'lambdatest.Tests.TestScenario3')
data.setCell(9, 3, 0);
data.setCell(10, 0, 10)
data.setCell(10, 1, 'validateUrl')
data.setCell(10, 2, 'lambdatest.Tests.TestScenario1')
data.setCell(10, 3, 0);
data.setCell(11, 0, 11)
data.setCell(11, 1, 'SubmitData')
data.setCell(11, 2, 'lambdatest.Tests.TestScenario3')
data.setCell(11, 3, 0);
data.setCell(12, 0, 12)
data.setCell(12, 1, 'validateMessage')
data.setCell(12, 2, 'lambdatest.Tests.TestScenario1')
data.setCell(12, 3, 0);
data.setCell(13, 0, 13)
data.setCell(13, 1, 'checkFieldsMsg')
data.setCell(13, 2, 'lambdatest.Tests.TestScenario3')
data.setCell(13, 3, 0);
data.setCell(14, 0, 14)
data.setCell(14, 1, 'dragAndDrop')
data.setCell(14, 2, 'lambdatest.Tests.TestScenario2')
data.setCell(14, 3, 0);
data.setCell(15, 0, 15)
data.setCell(15, 1, 'validateMessage')
data.setCell(15, 2, 'lambdatest.Tests.TestScenario1')
data.setCell(15, 3, 0);
data.setCell(16, 0, 16)
data.setCell(16, 1, 'SubmitData')
data.setCell(16, 2, 'lambdatest.Tests.TestScenario3')
data.setCell(16, 3, 0);
data.setCell(17, 0, 17)
data.setCell(17, 1, 'validateUrl')
data.setCell(17, 2, 'lambdatest.Tests.TestScenario1')
data.setCell(17, 3, 0);
data.setCell(18, 0, 18)
data.setCell(18, 1, 'dragAndDrop')
data.setCell(18, 2, 'lambdatest.Tests.TestScenario2')
data.setCell(18, 3, 0);
data.setCell(19, 0, 19)
data.setCell(19, 1, 'checkFieldsMsg')
data.setCell(19, 2, 'lambdatest.Tests.TestScenario3')
data.setCell(19, 3, 0);
window.suiteTableData['LambdaTest']= { tableData: data, tableDiv: 'times-div-LambdaTest'}
return data;
}
              </script>
              <span class="suite-total-time">Total running time: 3 minutes</span>
              <div id="times-div-LambdaTest">
              </div> <!-- times-div-LambdaTest -->
            </div> <!-- times-div -->
          </div> <!-- main-panel-content rounded-window-bottom -->
        </div> <!-- panel -->
        <div panel-name="reporter-LambdaTest" class="panel">
          <div class="main-panel-header rounded-window-top">
            <span class="header-content">Reporter output for LambdaTest</span>
          </div> <!-- main-panel-header rounded-window-top -->
          <div class="main-panel-content rounded-window-bottom">
          </div> <!-- main-panel-content rounded-window-bottom -->
        </div> <!-- panel -->
        <div panel-name="ignored-methods-LambdaTest" class="panel">
          <div class="main-panel-header rounded-window-top">
            <span class="header-content">0 ignored methods</span>
          </div> <!-- main-panel-header rounded-window-top -->
          <div class="main-panel-content rounded-window-bottom">
          </div> <!-- main-panel-content rounded-window-bottom -->
        </div> <!-- panel -->
        <div panel-name="chronological-LambdaTest" class="panel">
          <div class="main-panel-header rounded-window-top">
            <span class="header-content">Methods in chronological order</span>
          </div> <!-- main-panel-header rounded-window-top -->
          <div class="main-panel-content rounded-window-bottom">
            <div class="chronological-class">
              <div class="chronological-class-name">lambdatest.Tests.TestScenario2</div> <!-- chronological-class-name -->
              <div class="configuration-class before">
                <span class="method-name">setup(MicrosoftEdge, 87.0, macOS Sierra)</span>
                <span class="method-start">0 ms</span>
              </div> <!-- configuration-class before -->
            </div> <!-- chronological-class -->
            <div class="chronological-class">
              <div class="chronological-class-name">lambdatest.Tests.TestScenario1</div> <!-- chronological-class-name -->
              <div class="configuration-class before">
                <span class="method-name">setup(MicrosoftEdge, 87.0, macOS Sierra)</span>
                <span class="method-start">0 ms</span>
              </div> <!-- configuration-class before -->
              <div class="configuration-class before">
                <img src="failed.png">
                </img>
                <span class="method-name">setup(firefox, 82.0, Windows 7)</span>
                <span class="method-start">0 ms</span>
              </div> <!-- configuration-class before -->
            </div> <!-- chronological-class -->
            <div class="chronological-class">
              <div class="chronological-class-name">lambdatest.Tests.TestScenario2</div> <!-- chronological-class-name -->
              <div class="configuration-class before">
                <img src="failed.png">
                </img>
                <span class="method-name">setup(firefox, 82.0, Windows 7)</span>
                <span class="method-start">0 ms</span>
              </div> <!-- configuration-class before -->
            </div> <!-- chronological-class -->
            <div class="chronological-class">
              <div class="chronological-class-name">lambdatest.Tests.TestScenario1</div> <!-- chronological-class-name -->
              <div class="configuration-class before">
                <span class="method-name">setup(chrome, 88.0, WIN10)</span>
                <span class="method-start">1 ms</span>
              </div> <!-- configuration-class before -->
            </div> <!-- chronological-class -->
            <div class="chronological-class">
              <div class="chronological-class-name">lambdatest.Tests.TestScenario3</div> <!-- chronological-class-name -->
              <div class="configuration-class before">
                <span class="method-name">setup(chrome, 88.0, WIN10)</span>
                <span class="method-start">1 ms</span>
              </div> <!-- configuration-class before -->
            </div> <!-- chronological-class -->
            <div class="chronological-class">
              <div class="chronological-class-name">lambdatest.Tests.TestScenario2</div> <!-- chronological-class-name -->
              <div class="configuration-class before">
                <span class="method-name">setup(chrome, 88.0, WIN10)</span>
                <span class="method-start">1 ms</span>
              </div> <!-- configuration-class before -->
            </div> <!-- chronological-class -->
            <div class="chronological-class">
              <div class="chronological-class-name">lambdatest.Tests.TestScenario3</div> <!-- chronological-class-name -->
              <div class="configuration-class before">
                <img src="failed.png">
                </img>
                <span class="method-name">setup(MicrosoftEdge, 87.0, macOS Sierra)</span>
                <span class="method-start">1 ms</span>
              </div> <!-- configuration-class before -->
              <div class="configuration-class before">
                <img src="failed.png">
                </img>
                <span class="method-name">setup(firefox, 82.0, Windows 7)</span>
                <span class="method-start">1 ms</span>
              </div> <!-- configuration-class before -->
            </div> <!-- chronological-class -->
            <div class="chronological-class">
              <div class="chronological-class-name">lambdatest.Tests.TestScenario2</div> <!-- chronological-class-name -->
              <div class="test-method">
                <span class="method-name">dragAndDrop</span>
                <span class="method-start">17467 ms</span>
              </div> <!-- test-method -->
              <div class="configuration-class after">
                <span class="method-name">teardown</span>
                <span class="method-start">20689 ms</span>
              </div> <!-- configuration-class after -->
            </div> <!-- chronological-class -->
            <div class="chronological-class">
              <div class="chronological-class-name">lambdatest.Tests.TestScenario1</div> <!-- chronological-class-name -->
              <div class="test-method">
                <span class="method-name">validateUrl</span>
                <span class="method-start">52696 ms</span>
              </div> <!-- test-method -->
              <div class="test-method">
                <span class="method-name">validateMessage</span>
                <span class="method-start">55199 ms</span>
              </div> <!-- test-method -->
              <div class="configuration-class after">
                <span class="method-name">teardown</span>
                <span class="method-start">56708 ms</span>
              </div> <!-- configuration-class after -->
            </div> <!-- chronological-class -->
            <div class="chronological-class">
              <div class="chronological-class-name">lambdatest.Tests.TestScenario3</div> <!-- chronological-class-name -->
              <div class="test-method">
                <img src="failed.png">
                </img>
                <span class="method-name">checkFieldsMsg</span>
                <span class="method-start">79949 ms</span>
              </div> <!-- test-method -->
              <div class="configuration-class after">
                <span class="method-name">teardown</span>
                <span class="method-start">82880 ms</span>
              </div> <!-- configuration-class after -->
              <div class="test-method">
                <span class="method-name">SubmitData</span>
                <span class="method-start">82880 ms</span>
              </div> <!-- test-method -->
              <div class="test-method">
                <span class="method-name">checkFieldsMsg</span>
                <span class="method-start">108558 ms</span>
              </div> <!-- test-method -->
              <div class="test-method">
                <span class="method-name">SubmitData</span>
                <span class="method-start">108559 ms</span>
              </div> <!-- test-method -->
              <div class="configuration-class after">
                <span class="method-name">teardown</span>
                <span class="method-start">108560 ms</span>
              </div> <!-- configuration-class after -->
            </div> <!-- chronological-class -->
            <div class="chronological-class">
              <div class="chronological-class-name">lambdatest.Tests.TestScenario2</div> <!-- chronological-class-name -->
              <div class="test-method">
                <span class="method-name">dragAndDrop</span>
                <span class="method-start">127766 ms</span>
              </div> <!-- test-method -->
              <div class="configuration-class after">
                <span class="method-name">teardown</span>
                <span class="method-start">130609 ms</span>
              </div> <!-- configuration-class after -->
            </div> <!-- chronological-class -->
            <div class="chronological-class">
              <div class="chronological-class-name">lambdatest.Tests.TestScenario1</div> <!-- chronological-class-name -->
              <div class="test-method">
                <span class="method-name">validateUrl</span>
                <span class="method-start">159067 ms</span>
              </div> <!-- test-method -->
              <div class="test-method">
                <span class="method-name">validateMessage</span>
                <span class="method-start">160930 ms</span>
              </div> <!-- test-method -->
              <div class="configuration-class after">
                <span class="method-name">teardown</span>
                <span class="method-start">162034 ms</span>
              </div> <!-- configuration-class after -->
            </div> <!-- chronological-class -->
            <div class="chronological-class">
              <div class="chronological-class-name">lambdatest.Tests.TestScenario2</div> <!-- chronological-class-name -->
              <div class="configuration-class before">
                <img src="failed.png">
                </img>
                <span class="method-name">setup(Internet Explorer, 11.0, Windows 10)</span>
                <span class="method-start">164393 ms</span>
              </div> <!-- configuration-class before -->
            </div> <!-- chronological-class -->
            <div class="chronological-class">
              <div class="chronological-class-name">lambdatest.Tests.TestScenario1</div> <!-- chronological-class-name -->
              <div class="configuration-class before">
                <img src="failed.png">
                </img>
                <span class="method-name">setup(Internet Explorer, 11.0, Windows 10)</span>
                <span class="method-start">164393 ms</span>
              </div> <!-- configuration-class before -->
            </div> <!-- chronological-class -->
            <div class="chronological-class">
              <div class="chronological-class-name">lambdatest.Tests.TestScenario3</div> <!-- chronological-class-name -->
              <div class="configuration-class before">
                <img src="failed.png">
                </img>
                <span class="method-name">setup(Internet Explorer, 11.0, Windows 10)</span>
                <span class="method-start">164393 ms</span>
              </div> <!-- configuration-class before -->
            </div> <!-- chronological-class -->
            <div class="chronological-class">
              <div class="chronological-class-name">lambdatest.Tests.TestScenario2</div> <!-- chronological-class-name -->
              <div class="configuration-class after">
                <span class="method-name">teardown</span>
                <span class="method-start">180949 ms</span>
              </div> <!-- configuration-class after -->
              <div class="test-method">
                <span class="method-name">dragAndDrop</span>
                <span class="method-start">180949 ms</span>
              </div> <!-- test-method -->
            </div> <!-- chronological-class -->
            <div class="chronological-class">
              <div class="chronological-class-name">lambdatest.Tests.TestScenario3</div> <!-- chronological-class-name -->
              <div class="test-method">
                <span class="method-name">checkFieldsMsg</span>
                <span class="method-start">181505 ms</span>
              </div> <!-- test-method -->
            </div> <!-- chronological-class -->
            <div class="chronological-class">
              <div class="chronological-class-name">lambdatest.Tests.TestScenario1</div> <!-- chronological-class-name -->
              <div class="test-method">
                <span class="method-name">validateUrl</span>
                <span class="method-start">181505 ms</span>
              </div> <!-- test-method -->
            </div> <!-- chronological-class -->
            <div class="chronological-class">
              <div class="chronological-class-name">lambdatest.Tests.TestScenario3</div> <!-- chronological-class-name -->
              <div class="configuration-class after">
                <span class="method-name">teardown</span>
                <span class="method-start">181506 ms</span>
              </div> <!-- configuration-class after -->
              <div class="test-method">
                <span class="method-name">SubmitData</span>
                <span class="method-start">181506 ms</span>
              </div> <!-- test-method -->
            </div> <!-- chronological-class -->
            <div class="chronological-class">
              <div class="chronological-class-name">lambdatest.Tests.TestScenario1</div> <!-- chronological-class-name -->
              <div class="configuration-class after">
                <span class="method-name">teardown</span>
                <span class="method-start">181506 ms</span>
              </div> <!-- configuration-class after -->
              <div class="test-method">
                <span class="method-name">validateMessage</span>
                <span class="method-start">181506 ms</span>
              </div> <!-- test-method -->
              <div class="test-method">
                <span class="method-name">validateUrl</span>
                <span class="method-start">204602 ms</span>
              </div> <!-- test-method -->
              <div class="test-method">
                <span class="method-name">validateMessage</span>
                <span class="method-start">204603 ms</span>
              </div> <!-- test-method -->
              <div class="configuration-class after">
                <span class="method-name">teardown</span>
                <span class="method-start">204603 ms</span>
              </div> <!-- configuration-class after -->
            </div> <!-- chronological-class -->
            <div class="chronological-class">
              <div class="chronological-class-name">lambdatest.Tests.TestScenario2</div> <!-- chronological-class-name -->
              <div class="test-method">
                <span class="method-name">dragAndDrop</span>
                <span class="method-start">206367 ms</span>
              </div> <!-- test-method -->
              <div class="configuration-class after">
                <span class="method-name">teardown</span>
                <span class="method-start">206368 ms</span>
              </div> <!-- configuration-class after -->
            </div> <!-- chronological-class -->
            <div class="chronological-class">
              <div class="chronological-class-name">lambdatest.Tests.TestScenario3</div> <!-- chronological-class-name -->
              <div class="test-method">
                <span class="method-name">checkFieldsMsg</span>
                <span class="method-start">226714 ms</span>
              </div> <!-- test-method -->
              <div class="test-method">
                <span class="method-name">SubmitData</span>
                <span class="method-start">226715 ms</span>
              </div> <!-- test-method -->
              <div class="configuration-class after">
                <span class="method-name">teardown</span>
                <span class="method-start">226715 ms</span>
              </div> <!-- configuration-class after -->
          </div> <!-- main-panel-content rounded-window-bottom -->
        </div> <!-- panel -->
      </div> <!-- main-panel-root -->
    </div> <!-- wrapper -->
  </body>
<script type="text/javascript" src="testng-reports2.js"></script>
</html>
