<?xml version="1.0" encoding="UTF-8"?>
<!-- Generated by org.testng.reporters.JUnitXMLReporter -->
<testsuite ignored="0" hostname="himanshu507-lambdatests-mz510735rot" failures="2" tests="5" name="WIN7TEST" time="357.284" errors="0" timestamp="2023-02-23T18:06:47 UTC">
  <testcase classname="lambdatest.Tests.TestScenario1" name="validateUrl" time="1.433"/>
  <testcase classname="lambdatest.Tests.TestScenario2" name="dragAndDrop" time="2.066">
    <failure type="java.lang.AssertionError" message="expected [95] but found [96]">
      <![CDATA[java.lang.AssertionError: expected [95] but found [96]
at lambdatest.Tests.TestScenario2.dragAndDrop(TestScenario2.java:16)
at java.base/java.util.ArrayList.forEach(ArrayList.java:1541)
at java.base/java.util.concurrent.FutureTask.run(FutureTask.java:264)
at java.base/java.util.concurrent.ThreadPoolExecutor.runWorker(ThreadPoolExecutor.java:1128)
at java.base/java.util.concurrent.ThreadPoolExecutor$Worker.run(ThreadPoolExecutor.java:628)
at java.base/java.lang.Thread.run(Thread.java:829)
... Removed 24 stack frames]]>
    </failure>
  </testcase> <!-- dragAndDrop -->
  <testcase classname="lambdatest.Tests.TestScenario3" name="checkFieldsMsg" time="0.0">
    <skipped/>
  </testcase> <!-- checkFieldsMsg -->
  <testcase classname="lambdatest.Tests.TestScenario1" name="validateMessage" time="0.531">
    <failure type="org.openqa.selenium.WebDriverException" message="Unable to find the session info for particular sessionId f88058f2-3a64-46df-b9ad-f027dae36713, maybe session has quit already or timed out.
Build info: version: &amp;apos;4.8.0&amp;apos;, revision: &amp;apos;267030adea&amp;apos;
System info: os.name: &amp;apos;Linux&amp;apos;, os.arch: &amp;apos;amd64&amp;apos;, os.version: &amp;apos;5.15.0-47-generic&amp;apos;, java.version: &amp;apos;11.0.17&amp;apos;
Driver info: org.openqa.selenium.remote.RemoteWebDriver
Command: [f88058f2-3a64-46df-b9ad-f027dae36713, findElement {using=id, value=user-message}]
Capabilities {acceptInsecureCerts: true, browserName: firefox, browserVersion: 82.0, moz:accessibilityChecks: false, moz:buildID: 20201014125134, moz:geckodriverVersion: 0.30.0, moz:headless: false, moz:processID: 3876, moz:profile: C:\Users\ltuser\AppData\Loc..., moz:shutdownTimeout: 60000, moz:useNonSpecCompliantPointerOrigin: false, moz:webdriverClick: true, pageLoadStrategy: normal, platformName: WINDOWS, platformVersion: 6.1, rotatable: false, setWindowRect: true, strictFileInteractability: false, timeouts: {implicit: 0, pageLoad: 300000, script: 30000}, unhandledPromptBehavior: dismiss and notify}
Session ID: f88058f2-3a64-46df-b9ad-f027dae36713">
      <![CDATA[org.openqa.selenium.WebDriverException: Unable to find the session info for particular sessionId f88058f2-3a64-46df-b9ad-f027dae36713, maybe session has quit already or timed out.
Build info: version: '4.8.0', revision: '267030adea'
System info: os.name: 'Linux', os.arch: 'amd64', os.version: '5.15.0-47-generic', java.version: '11.0.17'
Driver info: org.openqa.selenium.remote.RemoteWebDriver
Command: [f88058f2-3a64-46df-b9ad-f027dae36713, findElement {using=id, value=user-message}]
Capabilities {acceptInsecureCerts: true, browserName: firefox, browserVersion: 82.0, moz:accessibilityChecks: false, moz:buildID: 20201014125134, moz:geckodriverVersion: 0.30.0, moz:headless: false, moz:processID: 3876, moz:profile: C:\Users\ltuser\AppData\Loc..., moz:shutdownTimeout: 60000, moz:useNonSpecCompliantPointerOrigin: false, moz:webdriverClick: true, pageLoadStrategy: normal, platformName: WINDOWS, platformVersion: 6.1, rotatable: false, setWindowRect: true, strictFileInteractability: false, timeouts: {implicit: 0, pageLoad: 300000, script: 30000}, unhandledPromptBehavior: dismiss and notify}
Session ID: f88058f2-3a64-46df-b9ad-f027dae36713
at org.openqa.selenium.remote.codec.w3c.W3CHttpResponseCodec.createException(W3CHttpResponseCodec.java:200)
at org.openqa.selenium.remote.codec.w3c.W3CHttpResponseCodec.decode(W3CHttpResponseCodec.java:133)
at org.openqa.selenium.remote.codec.w3c.W3CHttpResponseCodec.decode(W3CHttpResponseCodec.java:53)
at org.openqa.selenium.remote.HttpCommandExecutor.execute(HttpCommandExecutor.java:184)
at org.openqa.selenium.remote.TracedCommandExecutor.execute(TracedCommandExecutor.java:51)
at org.openqa.selenium.remote.RemoteWebDriver.execute(RemoteWebDriver.java:543)
at org.openqa.selenium.remote.ElementLocation$ElementFinder$2.findElement(ElementLocation.java:162)
at org.openqa.selenium.remote.ElementLocation.findElement(ElementLocation.java:66)
at org.openqa.selenium.remote.RemoteWebDriver.findElement(RemoteWebDriver.java:352)
at org.openqa.selenium.remote.RemoteWebDriver.findElement(RemoteWebDriver.java:344)
at org.openqa.selenium.support.pagefactory.DefaultElementLocator.findElement(DefaultElementLocator.java:70)
at org.openqa.selenium.support.pagefactory.internal.LocatingElementHandler.invoke(LocatingElementHandler.java:39)
at com.sun.proxy.$Proxy13.sendKeys(Unknown Source)
at lambdatest.PageObjectModel.SimpleFormDemo.setMsg(SimpleFormDemo.java:35)
at lambdatest.Tests.TestScenario1.validateMessage(TestScenario1.java:20)
at java.base/java.util.ArrayList.forEach(ArrayList.java:1541)
at java.base/java.util.concurrent.FutureTask.run(FutureTask.java:264)
at java.base/java.util.concurrent.ThreadPoolExecutor.runWorker(ThreadPoolExecutor.java:1128)
at java.base/java.util.concurrent.ThreadPoolExecutor$Worker.run(ThreadPoolExecutor.java:628)
at java.base/java.lang.Thread.run(Thread.java:829)
... Removed 21 stack frames]]>
    </failure>
  </testcase> <!-- validateMessage -->
  <testcase classname="lambdatest.Tests.TestScenario3" name="SubmitData" time="0.0">
    <skipped/>
  </testcase> <!-- SubmitData -->
</testsuite> <!-- WIN7TEST -->
